Build started 7/21/2018 12:35:35 PM.
     1>Project "C:\Users\vaxoa\OneDrive\Documents\GitHub\WINAPI\primeNumbers\primeVisual\delete\delete.vcxproj" on node 2 (build target(s)).
     1>InitializeBuildStatus:
         Creating "Debug\delete.unsuccessfulbuild" because "AlwaysCreate" was specified.
       ClCompile:
         All outputs are up-to-date.
         All outputs are up-to-date.
       ResourceCompile:
         All outputs are up-to-date.
       ManifestResourceCompile:
         All outputs are up-to-date.
       Link:
         All outputs are up-to-date.
       Manifest:
         All outputs are up-to-date.
       FinalizeBuildStatus:
         Deleting file "Debug\delete.unsuccessfulbuild".
         Touching "Debug\delete.lastbuildstate".
     1>Done Building Project "C:\Users\vaxoa\OneDrive\Documents\GitHub\WINAPI\primeNumbers\primeVisual\delete\delete.vcxproj" (build target(s)).

Build succeeded.

Time Elapsed 00:00:00.13
