.\Debug\p21.ilk
.\Debug\p21.pdb
F:\WINAPI1-\Tree View\2\.\Debug\p21.exe
F:\WINAPI1-\Tree View\2\.\Debug\p21.exe.intermediate.manifest
F:\WINAPI1-\Tree View\2\Debug\cl.command.1.tlog
F:\WINAPI1-\Tree View\2\Debug\CL.read.1.tlog
F:\WINAPI1-\Tree View\2\Debug\CL.write.1.tlog
F:\WINAPI1-\Tree View\2\Debug\link.4148.read.1.tlog
F:\WINAPI1-\Tree View\2\Debug\link.4148.write.1.tlog
F:\WINAPI1-\Tree View\2\Debug\link.4148-cvtres.read.1.tlog
F:\WINAPI1-\Tree View\2\Debug\link.4148-cvtres.write.1.tlog
F:\WINAPI1-\Tree View\2\Debug\link.4288.read.1.tlog
F:\WINAPI1-\Tree View\2\Debug\link.4288.write.1.tlog
F:\WINAPI1-\Tree View\2\Debug\link.4288-cvtres.read.1.tlog
F:\WINAPI1-\Tree View\2\Debug\link.4288-cvtres.write.1.tlog
F:\WINAPI1-\Tree View\2\Debug\link.command.1.tlog
F:\WINAPI1-\Tree View\2\Debug\link.read.1.tlog
F:\WINAPI1-\Tree View\2\Debug\link.write.1.tlog
F:\WINAPI1-\Tree View\2\Debug\link-cvtres.read.1.tlog
F:\WINAPI1-\Tree View\2\Debug\link-cvtres.write.1.tlog
F:\WINAPI1-\Tree View\2\Debug\mt.command.1.tlog
F:\WINAPI1-\Tree View\2\Debug\mt.read.1.tlog
F:\WINAPI1-\Tree View\2\Debug\mt.write.1.tlog
F:\WINAPI1-\TREE VIEW\2\DEBUG\P21.EXE
F:\WINAPI1-\TREE VIEW\2\DEBUG\P21.EXE.EMBED.MANIFEST
F:\WINAPI1-\TREE VIEW\2\DEBUG\P21.EXE.EMBED.MANIFEST.RES
F:\WINAPI1-\TREE VIEW\2\DEBUG\P21.EXE.INTERMEDIATE.MANIFEST
F:\WINAPI1-\TREE VIEW\2\DEBUG\P21.ILK
F:\WINAPI1-\TREE VIEW\2\DEBUG\P21.OBJ
F:\WINAPI1-\TREE VIEW\2\DEBUG\P21.PDB
F:\WINAPI1-\Tree View\2\Debug\p21.write.1.tlog
F:\WINAPI1-\Tree View\2\Debug\p21_manifest.rc
F:\WINAPI1-\Tree View\2\Debug\rc.command.1.tlog
F:\WINAPI1-\Tree View\2\Debug\rc.read.1.tlog
F:\WINAPI1-\Tree View\2\Debug\rc.write.1.tlog
F:\WINAPI1-\Tree View\2\Debug\vc100.idb
F:\WINAPI1-\TREE VIEW\2\DEBUG\VC100.PDB
