Build started 05.11.2018 14:01:49.
     1>Project "F:\WINAPI1-\FiledbtanMushaoba\ggk\ggk\ggk.vcxproj" on node 2 (build target(s)).
     1>InitializeBuildStatus:
         Creating "Debug\ggk.unsuccessfulbuild" because "AlwaysCreate" was specified.
       ClCompile:
         D:\New Folder\VC\bin\CL.exe /c /ZI /nologo /W3 /WX- /Od /Oy- /D _MBCS /Gm /EHsc /RTC1 /MDd /GS /fp:precise /Zc:wchar_t /Zc:forScope /Fo"Debug\\" /Fd"Debug\vc100.pdb" /Gd /TP /analyze- /errorReport:prompt main.cpp
         main.cpp
     1>f:\winapi1-\filedbtanmushaoba\ggk\ggk\main.cpp(26): warning C4996: 'fopen': This function or variable may be unsafe. Consider using fopen_s instead. To disable deprecation, use _CRT_SECURE_NO_WARNINGS. See online help for details.
                 d:\new folder\vc\include\stdio.h(234) : see declaration of 'fopen'
       Link:
         D:\New Folder\VC\bin\link.exe /ERRORREPORT:PROMPT /OUT:"F:\WINAPI1-\FiledbtanMushaoba\ggk\Debug\ggk.exe" /NOLOGO kernel32.lib user32.lib gdi32.lib winspool.lib comdlg32.lib advapi32.lib shell32.lib ole32.lib oleaut32.lib uuid.lib odbc32.lib odbccp32.lib /MANIFEST /ManifestFile:"Debug\ggk.exe.intermediate.manifest" /MANIFESTUAC:"level='asInvoker' uiAccess='false'" /DEBUG /PDB:"F:\WINAPI1-\FiledbtanMushaoba\ggk\Debug\ggk.pdb" /TLBID:1 /DYNAMICBASE /NXCOMPAT /IMPLIB:"F:\WINAPI1-\FiledbtanMushaoba\ggk\Debug\ggk.lib" /MACHINE:X86 Debug\main.obj
         LINK : F:\WINAPI1-\FiledbtanMushaoba\ggk\Debug\ggk.exe not found or not built by the last incremental link; performing full link
         ggk.vcxproj -> F:\WINAPI1-\FiledbtanMushaoba\ggk\Debug\ggk.exe
       Manifest:
         C:\Program Files (x86)\Microsoft SDKs\Windows\v7.0A\bin\mt.exe /nologo /verbose /outputresource:"F:\WINAPI1-\FiledbtanMushaoba\ggk\Debug\ggk.exe;#1" /manifest Debug\ggk.exe.intermediate.manifest
       FinalizeBuildStatus:
         Deleting file "Debug\ggk.unsuccessfulbuild".
         Touching "Debug\ggk.lastbuildstate".
     1>Done Building Project "F:\WINAPI1-\FiledbtanMushaoba\ggk\ggk\ggk.vcxproj" (build target(s)).

Build succeeded.

Time Elapsed 00:00:27.61
