Build started 28.10.2018 12:58:04.
     1>Project "F:\WINAPI1-\socket C\mult-user\mult-user\mult-user.vcxproj" on node 2 (build target(s)).
     1>InitializeBuildStatus:
         Creating "Debug\mult-user.unsuccessfulbuild" because "AlwaysCreate" was specified.
       ClCompile:
         D:\New Folder\VC\bin\CL.exe /c /ZI /nologo /W3 /WX- /Od /Oy- /D _MBCS /Gm /EHsc /RTC1 /MDd /GS /fp:precise /Zc:wchar_t /Zc:forScope /Fo"Debug\\" /Fd"Debug\vc100.pdb" /Gd /TP /analyze- /errorReport:prompt main.cpp
         main.cpp
     1>f:\winapi1-\socket c\mult-user\mult-user\main.cpp(88): warning C4018: '<' : signed/unsigned mismatch
       Link:
         D:\New Folder\VC\bin\link.exe /ERRORREPORT:PROMPT /OUT:"F:\WINAPI1-\socket C\mult-user\Debug\mult-user.exe" /NOLOGO kernel32.lib user32.lib gdi32.lib winspool.lib comdlg32.lib advapi32.lib shell32.lib ole32.lib oleaut32.lib uuid.lib odbc32.lib odbccp32.lib /MANIFEST /ManifestFile:"Debug\mult-user.exe.intermediate.manifest" /MANIFESTUAC:"level='asInvoker' uiAccess='false'" /DEBUG /PDB:"F:\WINAPI1-\socket C\mult-user\Debug\mult-user.pdb" /TLBID:1 /DYNAMICBASE /NXCOMPAT /IMPLIB:"F:\WINAPI1-\socket C\mult-user\Debug\mult-user.lib" /MACHINE:X86 Debug\main.obj
         LINK : F:\WINAPI1-\socket C\mult-user\Debug\mult-user.exe not found or not built by the last incremental link; performing full link
         mult-user.vcxproj -> F:\WINAPI1-\socket C\mult-user\Debug\mult-user.exe
       Manifest:
         C:\Program Files (x86)\Microsoft SDKs\Windows\v7.0A\bin\mt.exe /nologo /verbose /outputresource:"F:\WINAPI1-\socket C\mult-user\Debug\mult-user.exe;#1" /manifest "Debug\mult-user.exe.intermediate.manifest"
       FinalizeBuildStatus:
         Deleting file "Debug\mult-user.unsuccessfulbuild".
         Touching "Debug\mult-user.lastbuildstate".
     1>Done Building Project "F:\WINAPI1-\socket C\mult-user\mult-user\mult-user.vcxproj" (build target(s)).

Build succeeded.

Time Elapsed 00:00:01.75
