Build started 05.11.2018 13:40:31.
     1>Project "F:\WINAPI1-\FiledbtanMushaoba\key\key\key.vcxproj" on node 2 (build target(s)).
     1>InitializeBuildStatus:
         Touching "Debug\key.unsuccessfulbuild".
       ClCompile:
         D:\New Folder\VC\bin\CL.exe /c /ZI /nologo /W3 /WX- /Od /Oy- /D _MBCS /Gm /EHsc /RTC1 /MDd /GS /fp:precise /Zc:wchar_t /Zc:forScope /Fo"Debug\\" /Fd"Debug\vc100.pdb" /Gd /TP /analyze- /errorReport:prompt main.cpp
         main.cpp
     1>f:\winapi1-\filedbtanmushaoba\key\key\helper.h(22): warning C4996: 'localtime': This function or variable may be unsafe. Consider using localtime_s instead. To disable deprecation, use _CRT_SECURE_NO_WARNINGS. See online help for details.
                 d:\new folder\vc\include\time.inl(112) : see declaration of 'localtime'
     1>f:\winapi1-\filedbtanmushaoba\key\key\keyconstants.h(21): error C2552: 'KEYS' : non-aggregates cannot be initialized with initializer list
                 'std::map<_Kty,_Ty>' : Types with a base are not aggregate
                 with
                 [
                     _Kty=int,
                     _Ty=KeyPair
                 ]
     1>f:\winapi1-\filedbtanmushaoba\key\key\keyconstants.h(22): error C2078: too many initializers
     1>f:\winapi1-\filedbtanmushaoba\key\key\keyconstants.h(23): fatal error C1903: unable to recover from previous error(s); stopping compilation
     1>Done Building Project "F:\WINAPI1-\FiledbtanMushaoba\key\key\key.vcxproj" (build target(s)) -- FAILED.

Build FAILED.

Time Elapsed 00:00:01.40
