.\Debug\keygen.pdb
F:\WINAPI1-\ListView\.\Debug\keygen.exe.intermediate.manifest
F:\WINAPI1-\ListView\Debug\BscMake.command.1.tlog
F:\WINAPI1-\ListView\Debug\bscmake.read.1.tlog
F:\WINAPI1-\ListView\Debug\bscmake.write.1.tlog
F:\WINAPI1-\ListView\Debug\cl.command.1.tlog
F:\WINAPI1-\ListView\Debug\CL.read.1.tlog
F:\WINAPI1-\ListView\Debug\CL.write.1.tlog
F:\WINAPI1-\LISTVIEW\DEBUG\KEYGEN.EXE.EMBED.MANIFEST
F:\WINAPI1-\LISTVIEW\DEBUG\KEYGEN.EXE.EMBED.MANIFEST.RES
F:\WINAPI1-\LISTVIEW\DEBUG\KEYGEN.EXE.INTERMEDIATE.MANIFEST
F:\WINAPI1-\LISTVIEW\DEBUG\KEYGEN.PDB
F:\WINAPI1-\ListView\Debug\keygen.write.1.tlog
F:\WINAPI1-\ListView\Debug\keygen_manifest.rc
F:\WINAPI1-\LISTVIEW\DEBUG\KEYGEN2.EXE
F:\WINAPI1-\LISTVIEW\DEBUG\KEYGEN2.ILK
F:\WINAPI1-\ListView\Debug\link.command.1.tlog
F:\WINAPI1-\ListView\Debug\link.read.1.tlog
F:\WINAPI1-\ListView\Debug\link.write.1.tlog
F:\WINAPI1-\ListView\Debug\link-cvtres.read.1.tlog
F:\WINAPI1-\ListView\Debug\link-cvtres.write.1.tlog
F:\WINAPI1-\LISTVIEW\DEBUG\LISTVIEW.BSC
F:\WINAPI1-\LISTVIEW\DEBUG\LISTVIEW.OBJ
F:\WINAPI1-\LISTVIEW\DEBUG\LISTVIEW.RSRC.RES
F:\WINAPI1-\LISTVIEW\DEBUG\LISTVIEW.SBR
F:\WINAPI1-\ListView\Debug\mt.command.1.tlog
F:\WINAPI1-\ListView\Debug\mt.read.1.tlog
F:\WINAPI1-\ListView\Debug\mt.write.1.tlog
F:\WINAPI1-\ListView\Debug\rc.command.1.tlog
F:\WINAPI1-\ListView\Debug\rc.read.1.tlog
F:\WINAPI1-\ListView\Debug\rc.write.1.tlog
F:\WINAPI1-\ListView\Debug\vc100.idb
F:\WINAPI1-\LISTVIEW\DEBUG\VC100.PDB
