Build started 10/22/2018 4:02:13 AM.
     1>Project "F:\WINAPI1-\ListView\listview.vcxproj" on node 2 (build target(s)).
     1>InitializeBuildStatus:
         Creating ".\Debug\keygen.unsuccessfulbuild" because "AlwaysCreate" was specified.
       ClCompile:
         F:\New Folder (1)\VC\bin\CL.exe /c /I"C:\Program Files\Microsoft Visual Studio\VC98\Include" /ZI /nologo /W3 /WX- /Od /Oy- /D WIN32 /D _DEBUG /D _WINDOWS /D _VC80_UPGRADE=0x0600 /D _MBCS /Gm /EHsc /RTC1 /MT /GS /Gy- /fp:precise /Zc:wchar_t /Zc:forScope /Fo".\Debug\\" /Fd".\Debug\vc100.pdb" /FR".\Debug\\" /Gd /TP /analyze- /errorReport:prompt listview.cpp
         listview.cpp
     1>f:\winapi1-\listview\listview.cpp(199): warning C4996: 'sprintf': This function or variable may be unsafe. Consider using sprintf_s instead. To disable deprecation, use _CRT_SECURE_NO_WARNINGS. See online help for details.
                 f:\new folder (1)\vc\include\stdio.h(371) : see declaration of 'sprintf'
     1>f:\winapi1-\listview\listview.cpp(205): warning C4996: 'sprintf': This function or variable may be unsafe. Consider using sprintf_s instead. To disable deprecation, use _CRT_SECURE_NO_WARNINGS. See online help for details.
                 f:\new folder (1)\vc\include\stdio.h(371) : see declaration of 'sprintf'
     1>f:\winapi1-\listview\listview.cpp(331): warning C4996: 'sprintf': This function or variable may be unsafe. Consider using sprintf_s instead. To disable deprecation, use _CRT_SECURE_NO_WARNINGS. See online help for details.
                 f:\new folder (1)\vc\include\stdio.h(371) : see declaration of 'sprintf'
     1>f:\winapi1-\listview\listview.cpp(345): warning C4996: 'sprintf': This function or variable may be unsafe. Consider using sprintf_s instead. To disable deprecation, use _CRT_SECURE_NO_WARNINGS. See online help for details.
                 f:\new folder (1)\vc\include\stdio.h(371) : see declaration of 'sprintf'
       ResourceCompile:
         All outputs are up-to-date.
       ManifestResourceCompile:
         All outputs are up-to-date.
     1>C:\Program Files (x86)\MSBuild\Microsoft.Cpp\v4.0\Microsoft.CppBuild.targets(990,5): warning MSB8012: TargetPath(F:\WINAPI1-\ListView\.\Debug\keygen.exe) does not match the Linker's OutputFile property value (F:\WINAPI1-\ListView\Debug\keygen2.exe). This may cause your project to build incorrectly. To correct this, please make sure that $(OutDir), $(TargetName) and $(TargetExt) property values match the value specified in %(Link.OutputFile).
     1>C:\Program Files (x86)\MSBuild\Microsoft.Cpp\v4.0\Microsoft.CppBuild.targets(992,5): warning MSB8012: TargetName(keygen) does not match the Linker's OutputFile property value (keygen2). This may cause your project to build incorrectly. To correct this, please make sure that $(OutDir), $(TargetName) and $(TargetExt) property values match the value specified in %(Link.OutputFile).
       Link:
         F:\New Folder (1)\VC\bin\link.exe /ERRORREPORT:PROMPT /OUT:"Debug/keygen2.exe" /INCREMENTAL /NOLOGO odbc32.lib odbccp32.lib comctl32.lib kernel32.lib user32.lib gdi32.lib winspool.lib comdlg32.lib advapi32.lib shell32.lib ole32.lib oleaut32.lib uuid.lib odbc32.lib odbccp32.lib /MANIFEST /ManifestFile:".\Debug\keygen.exe.intermediate.manifest" /MANIFESTUAC:"level='asInvoker' uiAccess='false'" /DEBUG /PDB:"F:\WINAPI1-\ListView\Debug\keygen.pdb" /SUBSYSTEM:WINDOWS /TLBID:1 /DYNAMICBASE /NXCOMPAT /IMPLIB:".\Debug\keygen.lib" /MACHINE:X86 .\Debug\listview.rsrc.res
         .\Debug\keygen.exe.embed.manifest.res
         .\Debug\listview.obj
       Manifest:
         C:\Program Files (x86)\Microsoft SDKs\Windows\v7.0A\bin\mt.exe /nologo /verbose /out:".\Debug\keygen.exe.embed.manifest" /manifest .\Debug\keygen.exe.intermediate.manifest
         All outputs are up-to-date.
       LinkEmbedManifest:
         All outputs are up-to-date.
         listview.vcxproj -> F:\WINAPI1-\ListView\.\Debug\keygen.exe
       BscMake:
         F:\New Folder (1)\VC\bin\bscmake.exe /nologo /o".\Debug\listview.bsc" .\Debug\listview.sbr
       FinalizeBuildStatus:
         Deleting file ".\Debug\keygen.unsuccessfulbuild".
         Touching ".\Debug\keygen.lastbuildstate".
     1>Done Building Project "F:\WINAPI1-\ListView\listview.vcxproj" (build target(s)).

Build succeeded.

Time Elapsed 00:00:23.23
