Build started 7/22/2018 12:38:22 AM.
     1>Project "C:\Users\vaxoa\OneDrive\Documents\GitHub\WINAPI\grafiki\p21\p21.vcxproj" on node 2 (build target(s)).
     1>InitializeBuildStatus:
         Creating ".\Debug\p21.unsuccessfulbuild" because "AlwaysCreate" was specified.
       ClCompile:
         F:\New Folder (1)\VC\bin\CL.exe /c /ZI /nologo /W3 /WX- /Od /Oy- /D WIN32 /D _DEBUG /D _CONSOLE /D _VC80_UPGRADE=0x0600 /D _MBCS /Gm /EHsc /RTC1 /MTd /GS /Gy- /fp:precise /Zc:wchar_t /Zc:forScope /Fo".\Debug\\" /Fd".\Debug\vc100.pdb" /Gd /TP /analyze- /errorReport:prompt p21.cpp
         p21.cpp
     1>c:\users\vaxoa\onedrive\documents\github\winapi\grafiki\p21\mouse_msg.cpp(18): warning C4996: 'sprintf': This function or variable may be unsafe. Consider using sprintf_s instead. To disable deprecation, use _CRT_SECURE_NO_WARNINGS. See online help for details.
                 f:\new folder (1)\vc\include\stdio.h(371) : see declaration of 'sprintf'
     1>c:\users\vaxoa\onedrive\documents\github\winapi\grafiki\p21\cmd_msg.cpp(131): warning C4996: 'strcat': This function or variable may be unsafe. Consider using strcat_s instead. To disable deprecation, use _CRT_SECURE_NO_WARNINGS. See online help for details.
                 f:\new folder (1)\vc\include\string.h(110) : see declaration of 'strcat'
     1>c:\users\vaxoa\onedrive\documents\github\winapi\grafiki\p21\cmd_msg.cpp(109): warning C4101: 'xx' : unreferenced local variable
     1>c:\users\vaxoa\onedrive\documents\github\winapi\grafiki\p21\cmd_msg.cpp(109): warning C4101: 'yy' : unreferenced local variable
     1>c:\users\vaxoa\onedrive\documents\github\winapi\grafiki\p21\paint.cpp(11): warning C4996: 'sprintf': This function or variable may be unsafe. Consider using sprintf_s instead. To disable deprecation, use _CRT_SECURE_NO_WARNINGS. See online help for details.
                 f:\new folder (1)\vc\include\stdio.h(371) : see declaration of 'sprintf'
     1>c:\users\vaxoa\onedrive\documents\github\winapi\grafiki\p21\on_create.cpp(5): warning C4101: 'statiki' : unreferenced local variable
       ManifestResourceCompile:
         C:\Program Files (x86)\Microsoft SDKs\Windows\v7.0A\bin\rc.exe /nologo /fo".\Debug\p21.exe.embed.manifest.res" .\Debug\p21_manifest.rc 
       Link:
         F:\New Folder (1)\VC\bin\link.exe /ERRORREPORT:PROMPT /OUT:".\Debug\p21.exe" /INCREMENTAL /NOLOGO odbc32.lib odbccp32.lib kernel32.lib user32.lib gdi32.lib winspool.lib comdlg32.lib advapi32.lib shell32.lib ole32.lib oleaut32.lib uuid.lib odbc32.lib odbccp32.lib /MANIFEST /ManifestFile:".\Debug\p21.exe.intermediate.manifest" /MANIFESTUAC:"level='asInvoker' uiAccess='false'" /DEBUG /PDB:"C:\Users\vaxoa\OneDrive\Documents\GitHub\WINAPI\grafiki\p21\Debug\p21.pdb" /SUBSYSTEM:CONSOLE /TLBID:1 /DYNAMICBASE /NXCOMPAT /IMPLIB:".\Debug\p21.lib" /MACHINE:X86 .\Debug\p21.exe.embed.manifest.res
         .\Debug\p21.obj
       Manifest:
         C:\Program Files (x86)\Microsoft SDKs\Windows\v7.0A\bin\mt.exe /nologo /verbose /out:".\Debug\p21.exe.embed.manifest" /manifest .\Debug\p21.exe.intermediate.manifest
         C:\Program Files (x86)\Microsoft SDKs\Windows\v7.0A\bin\rc.exe /nologo /fo".\Debug\p21.exe.embed.manifest.res" .\Debug\p21_manifest.rc 
       LinkEmbedManifest:
         F:\New Folder (1)\VC\bin\link.exe /ERRORREPORT:PROMPT /OUT:".\Debug\p21.exe" /INCREMENTAL /NOLOGO odbc32.lib odbccp32.lib kernel32.lib user32.lib gdi32.lib winspool.lib comdlg32.lib advapi32.lib shell32.lib ole32.lib oleaut32.lib uuid.lib odbc32.lib odbccp32.lib /MANIFEST /ManifestFile:".\Debug\p21.exe.intermediate.manifest" /MANIFESTUAC:"level='asInvoker' uiAccess='false'" /DEBUG /PDB:"C:\Users\vaxoa\OneDrive\Documents\GitHub\WINAPI\grafiki\p21\Debug\p21.pdb" /SUBSYSTEM:CONSOLE /TLBID:1 /DYNAMICBASE /NXCOMPAT /IMPLIB:".\Debug\p21.lib" /MACHINE:X86 .\Debug\p21.exe.embed.manifest.res
         .\Debug\p21.obj
         p21.vcxproj -> C:\Users\vaxoa\OneDrive\Documents\GitHub\WINAPI\grafiki\p21\.\Debug\p21.exe
       FinalizeBuildStatus:
         Deleting file ".\Debug\p21.unsuccessfulbuild".
         Touching ".\Debug\p21.lastbuildstate".
     1>Done Building Project "C:\Users\vaxoa\OneDrive\Documents\GitHub\WINAPI\grafiki\p21\p21.vcxproj" (build target(s)).

Build succeeded.

Time Elapsed 00:00:04.83
