.\Debug\p21.ilk
.\Debug\p21.pdb
C:\Users\vaxoa\OneDrive\Documents\GitHub\WINAPI\grafiki\p21\.\Debug\p21.exe
C:\Users\vaxoa\OneDrive\Documents\GitHub\WINAPI\grafiki\p21\.\Debug\p21.exe.intermediate.manifest
C:\Users\vaxoa\OneDrive\Documents\GitHub\WINAPI\grafiki\p21\Debug\cl.command.1.tlog
C:\Users\vaxoa\OneDrive\Documents\GitHub\WINAPI\grafiki\p21\Debug\CL.read.1.tlog
C:\Users\vaxoa\OneDrive\Documents\GitHub\WINAPI\grafiki\p21\Debug\CL.write.1.tlog
C:\Users\vaxoa\OneDrive\Documents\GitHub\WINAPI\grafiki\p21\Debug\link.10036.read.1.tlog
C:\Users\vaxoa\OneDrive\Documents\GitHub\WINAPI\grafiki\p21\Debug\link.10036.write.1.tlog
C:\Users\vaxoa\OneDrive\Documents\GitHub\WINAPI\grafiki\p21\Debug\link.10036-cvtres.read.1.tlog
C:\Users\vaxoa\OneDrive\Documents\GitHub\WINAPI\grafiki\p21\Debug\link.10036-cvtres.write.1.tlog
C:\Users\vaxoa\OneDrive\Documents\GitHub\WINAPI\grafiki\p21\Debug\link.2204.read.1.tlog
C:\Users\vaxoa\OneDrive\Documents\GitHub\WINAPI\grafiki\p21\Debug\link.2204.write.1.tlog
C:\Users\vaxoa\OneDrive\Documents\GitHub\WINAPI\grafiki\p21\Debug\link.2204-cvtres.read.1.tlog
C:\Users\vaxoa\OneDrive\Documents\GitHub\WINAPI\grafiki\p21\Debug\link.2204-cvtres.write.1.tlog
C:\Users\vaxoa\OneDrive\Documents\GitHub\WINAPI\grafiki\p21\Debug\link.2496.read.1.tlog
C:\Users\vaxoa\OneDrive\Documents\GitHub\WINAPI\grafiki\p21\Debug\link.2496.write.1.tlog
C:\Users\vaxoa\OneDrive\Documents\GitHub\WINAPI\grafiki\p21\Debug\link.2496-cvtres.read.1.tlog
C:\Users\vaxoa\OneDrive\Documents\GitHub\WINAPI\grafiki\p21\Debug\link.2496-cvtres.write.1.tlog
C:\Users\vaxoa\OneDrive\Documents\GitHub\WINAPI\grafiki\p21\Debug\link.2868.read.1.tlog
C:\Users\vaxoa\OneDrive\Documents\GitHub\WINAPI\grafiki\p21\Debug\link.2868.write.1.tlog
C:\Users\vaxoa\OneDrive\Documents\GitHub\WINAPI\grafiki\p21\Debug\link.2868-cvtres.read.1.tlog
C:\Users\vaxoa\OneDrive\Documents\GitHub\WINAPI\grafiki\p21\Debug\link.2868-cvtres.write.1.tlog
C:\Users\vaxoa\OneDrive\Documents\GitHub\WINAPI\grafiki\p21\Debug\link.7032.read.1.tlog
C:\Users\vaxoa\OneDrive\Documents\GitHub\WINAPI\grafiki\p21\Debug\link.7032.write.1.tlog
C:\Users\vaxoa\OneDrive\Documents\GitHub\WINAPI\grafiki\p21\Debug\link.7032-cvtres.read.1.tlog
C:\Users\vaxoa\OneDrive\Documents\GitHub\WINAPI\grafiki\p21\Debug\link.7032-cvtres.write.1.tlog
C:\Users\vaxoa\OneDrive\Documents\GitHub\WINAPI\grafiki\p21\Debug\link.9132.read.1.tlog
C:\Users\vaxoa\OneDrive\Documents\GitHub\WINAPI\grafiki\p21\Debug\link.9132.write.1.tlog
C:\Users\vaxoa\OneDrive\Documents\GitHub\WINAPI\grafiki\p21\Debug\link.9132-cvtres.read.1.tlog
C:\Users\vaxoa\OneDrive\Documents\GitHub\WINAPI\grafiki\p21\Debug\link.9132-cvtres.write.1.tlog
C:\Users\vaxoa\OneDrive\Documents\GitHub\WINAPI\grafiki\p21\Debug\link.9332.read.1.tlog
C:\Users\vaxoa\OneDrive\Documents\GitHub\WINAPI\grafiki\p21\Debug\link.9332.write.1.tlog
C:\Users\vaxoa\OneDrive\Documents\GitHub\WINAPI\grafiki\p21\Debug\link.9332-cvtres.read.1.tlog
C:\Users\vaxoa\OneDrive\Documents\GitHub\WINAPI\grafiki\p21\Debug\link.9332-cvtres.write.1.tlog
C:\Users\vaxoa\OneDrive\Documents\GitHub\WINAPI\grafiki\p21\Debug\link.command.1.tlog
C:\Users\vaxoa\OneDrive\Documents\GitHub\WINAPI\grafiki\p21\Debug\link.read.1.tlog
C:\Users\vaxoa\OneDrive\Documents\GitHub\WINAPI\grafiki\p21\Debug\link.write.1.tlog
C:\Users\vaxoa\OneDrive\Documents\GitHub\WINAPI\grafiki\p21\Debug\link-cvtres.read.1.tlog
C:\Users\vaxoa\OneDrive\Documents\GitHub\WINAPI\grafiki\p21\Debug\link-cvtres.write.1.tlog
C:\Users\vaxoa\OneDrive\Documents\GitHub\WINAPI\grafiki\p21\Debug\mt.command.1.tlog
C:\Users\vaxoa\OneDrive\Documents\GitHub\WINAPI\grafiki\p21\Debug\mt.read.1.tlog
C:\Users\vaxoa\OneDrive\Documents\GitHub\WINAPI\grafiki\p21\Debug\mt.write.1.tlog
C:\USERS\VAXOA\ONEDRIVE\DOCUMENTS\GITHUB\WINAPI\GRAFIKI\P21\DEBUG\P21.EXE
C:\USERS\VAXOA\ONEDRIVE\DOCUMENTS\GITHUB\WINAPI\GRAFIKI\P21\DEBUG\P21.EXE.EMBED.MANIFEST
C:\USERS\VAXOA\ONEDRIVE\DOCUMENTS\GITHUB\WINAPI\GRAFIKI\P21\DEBUG\P21.EXE.EMBED.MANIFEST.RES
C:\USERS\VAXOA\ONEDRIVE\DOCUMENTS\GITHUB\WINAPI\GRAFIKI\P21\DEBUG\P21.EXE.INTERMEDIATE.MANIFEST
C:\USERS\VAXOA\ONEDRIVE\DOCUMENTS\GITHUB\WINAPI\GRAFIKI\P21\DEBUG\P21.ILK
C:\USERS\VAXOA\ONEDRIVE\DOCUMENTS\GITHUB\WINAPI\GRAFIKI\P21\DEBUG\P21.OBJ
C:\USERS\VAXOA\ONEDRIVE\DOCUMENTS\GITHUB\WINAPI\GRAFIKI\P21\DEBUG\P21.PDB
C:\Users\vaxoa\OneDrive\Documents\GitHub\WINAPI\grafiki\p21\Debug\p21.vcxprojResolveAssemblyReference.cache
C:\Users\vaxoa\OneDrive\Documents\GitHub\WINAPI\grafiki\p21\Debug\p21.write.1.tlog
C:\Users\vaxoa\OneDrive\Documents\GitHub\WINAPI\grafiki\p21\Debug\p21_manifest.rc
C:\Users\vaxoa\OneDrive\Documents\GitHub\WINAPI\grafiki\p21\Debug\rc.command.1.tlog
C:\Users\vaxoa\OneDrive\Documents\GitHub\WINAPI\grafiki\p21\Debug\rc.read.1.tlog
C:\Users\vaxoa\OneDrive\Documents\GitHub\WINAPI\grafiki\p21\Debug\rc.write.1.tlog
C:\Users\vaxoa\OneDrive\Documents\GitHub\WINAPI\grafiki\p21\Debug\vc100.idb
C:\USERS\VAXOA\ONEDRIVE\DOCUMENTS\GITHUB\WINAPI\GRAFIKI\P21\DEBUG\VC100.PDB
C:\Users\vaxoa\OneDrive\Documents\GitHub\WINAPI\grafiki\p21\Debug\vc60.idb
C:\Users\vaxoa\OneDrive\Documents\GitHub\WINAPI\grafiki\p21\Debug\vc60.pdb
