Build started 29.10.2018 2:30:01.
     1>Project "F:\WINAPI1-\Button Color\button_color\button_color\button_color.vcxproj" on node 2 (build target(s)).
     1>InitializeBuildStatus:
         Creating "Debug\button_color.unsuccessfulbuild" because "AlwaysCreate" was specified.
       ClCompile:
         D:\New Folder\VC\bin\CL.exe /c /ZI /nologo /W3 /WX- /Od /Oy- /D WIN32 /D _DEBUG /D _WINDOWS /D _UNICODE /D UNICODE /Gm /EHsc /RTC1 /MDd /GS /fp:precise /Zc:wchar_t /Zc:forScope /Fo"Debug\\" /Fd"Debug\vc100.pdb" /Gd /TP /analyze- /errorReport:prompt main.cpp
         main.cpp
       ManifestResourceCompile:
         C:\Program Files (x86)\Microsoft SDKs\Windows\v7.0A\bin\rc.exe /nologo /fo"Debug\button_color.exe.embed.manifest.res" Debug\button_color_manifest.rc 
       Link:
         D:\New Folder\VC\bin\link.exe /ERRORREPORT:PROMPT /OUT:"F:\WINAPI1-\Button Color\button_color\Debug\button_color.exe" /INCREMENTAL /NOLOGO kernel32.lib user32.lib gdi32.lib winspool.lib comdlg32.lib advapi32.lib shell32.lib ole32.lib oleaut32.lib uuid.lib odbc32.lib odbccp32.lib /MANIFEST /ManifestFile:"Debug\button_color.exe.intermediate.manifest" /MANIFESTUAC:"level='asInvoker' uiAccess='false'" /DEBUG /PDB:"F:\WINAPI1-\Button Color\button_color\Debug\button_color.pdb" /SUBSYSTEM:WINDOWS /TLBID:1 /DYNAMICBASE /NXCOMPAT /IMPLIB:"F:\WINAPI1-\Button Color\button_color\Debug\button_color.lib" /MACHINE:X86 Debug\button_color.exe.embed.manifest.res
         Debug\main.obj
         LINK : F:\WINAPI1-\Button Color\button_color\Debug\button_color.exe not found or not built by the last incremental link; performing full link
       Manifest:
         C:\Program Files (x86)\Microsoft SDKs\Windows\v7.0A\bin\mt.exe /nologo /verbose /out:"Debug\button_color.exe.embed.manifest" /manifest Debug\button_color.exe.intermediate.manifest
         All outputs are up-to-date.
       LinkEmbedManifest:
         All outputs are up-to-date.
         button_color.vcxproj -> F:\WINAPI1-\Button Color\button_color\Debug\button_color.exe
       FinalizeBuildStatus:
         Deleting file "Debug\button_color.unsuccessfulbuild".
         Touching "Debug\button_color.lastbuildstate".
     1>Done Building Project "F:\WINAPI1-\Button Color\button_color\button_color\button_color.vcxproj" (build target(s)).

Build succeeded.

Time Elapsed 00:00:03.12
