.\Debug\p21.ilk
.\Debug\p21.pdb
F:\WINAPI1-\Tree View\.\Debug\p21.exe
F:\WINAPI1-\Tree View\.\Debug\p21.exe.intermediate.manifest
F:\WINAPI1-\Tree View\Debug\cl.command.1.tlog
F:\WINAPI1-\Tree View\Debug\CL.read.1.tlog
F:\WINAPI1-\Tree View\Debug\CL.write.1.tlog
F:\WINAPI1-\Tree View\Debug\link.4788.read.1.tlog
F:\WINAPI1-\Tree View\Debug\link.4788.write.1.tlog
F:\WINAPI1-\Tree View\Debug\link.4788-cvtres.read.1.tlog
F:\WINAPI1-\Tree View\Debug\link.4788-cvtres.write.1.tlog
F:\WINAPI1-\Tree View\Debug\link.command.1.tlog
F:\WINAPI1-\Tree View\Debug\link.read.1.tlog
F:\WINAPI1-\Tree View\Debug\link.write.1.tlog
F:\WINAPI1-\Tree View\Debug\link-cvtres.read.1.tlog
F:\WINAPI1-\Tree View\Debug\link-cvtres.write.1.tlog
F:\WINAPI1-\TREE VIEW\DEBUG\LIST_TREE_VIEW.OBJ
F:\WINAPI1-\Tree View\Debug\mt.command.1.tlog
F:\WINAPI1-\Tree View\Debug\mt.read.1.tlog
F:\WINAPI1-\Tree View\Debug\mt.write.1.tlog
F:\WINAPI1-\TREE VIEW\DEBUG\P21.EXE
F:\WINAPI1-\TREE VIEW\DEBUG\P21.EXE.EMBED.MANIFEST
F:\WINAPI1-\TREE VIEW\DEBUG\P21.EXE.EMBED.MANIFEST.RES
F:\WINAPI1-\TREE VIEW\DEBUG\P21.EXE.INTERMEDIATE.MANIFEST
F:\WINAPI1-\TREE VIEW\DEBUG\P21.ILK
F:\WINAPI1-\TREE VIEW\DEBUG\P21.OBJ
F:\WINAPI1-\TREE VIEW\DEBUG\P21.PDB
F:\WINAPI1-\Tree View\Debug\p21.vcxprojResolveAssemblyReference.cache
F:\WINAPI1-\Tree View\Debug\p21.write.1.tlog
F:\WINAPI1-\Tree View\Debug\p21_manifest.rc
F:\WINAPI1-\Tree View\Debug\rc.command.1.tlog
F:\WINAPI1-\Tree View\Debug\rc.read.1.tlog
F:\WINAPI1-\Tree View\Debug\rc.write.1.tlog
F:\WINAPI1-\Tree View\Debug\vc100.idb
F:\WINAPI1-\TREE VIEW\DEBUG\VC100.PDB
