Build started 06.11.2018 14:05:15.
     1>Project "F:\WINAPI1-\timer\timer\timer\timer.vcxproj" on node 2 (build target(s)).
     1>InitializeBuildStatus:
         Creating "Debug\timer.unsuccessfulbuild" because "AlwaysCreate" was specified.
       ClCompile:
         D:\New Folder\VC\bin\CL.exe /c /ZI /nologo /W3 /WX- /Od /Oy- /D WIN32 /D _DEBUG /D _WINDOWS /D _UNICODE /D UNICODE /Gm /EHsc /RTC1 /MDd /GS /fp:precise /Zc:wchar_t /Zc:forScope /Fo"Debug\\" /Fd"Debug\vc100.pdb" /Gd /TP /analyze- /errorReport:prompt main.cpp menu.cpp systemtime.cpp
         systemtime.cpp
         menu.cpp
         main.cpp
     1>f:\winapi1-\timer\timer\timer\main.cpp(5): warning C4101: 'm' : unreferenced local variable
         Generating Code...
     1>f:\winapi1-\timer\timer\timer\main.cpp(66): warning C4700: uninitialized local variable 'hwnd' used
       ManifestResourceCompile:
         C:\Program Files (x86)\Microsoft SDKs\Windows\v7.0A\bin\rc.exe /nologo /fo"Debug\timer.exe.embed.manifest.res" Debug\timer_manifest.rc 
       Link:
         D:\New Folder\VC\bin\link.exe /ERRORREPORT:PROMPT /OUT:"F:\WINAPI1-\timer\timer\Debug\timer.exe" /INCREMENTAL /NOLOGO kernel32.lib user32.lib gdi32.lib winspool.lib comdlg32.lib advapi32.lib shell32.lib ole32.lib oleaut32.lib uuid.lib odbc32.lib odbccp32.lib /MANIFEST /ManifestFile:"Debug\timer.exe.intermediate.manifest" /MANIFESTUAC:"level='asInvoker' uiAccess='false'" /DEBUG /PDB:"F:\WINAPI1-\timer\timer\Debug\timer.pdb" /SUBSYSTEM:WINDOWS /TLBID:1 /DYNAMICBASE /NXCOMPAT /IMPLIB:"F:\WINAPI1-\timer\timer\Debug\timer.lib" /MACHINE:X86 Debug\timer.exe.embed.manifest.res
         Debug\main.obj
         Debug\menu.obj
         Debug\systemtime.obj
         LINK : F:\WINAPI1-\timer\timer\Debug\timer.exe not found or not built by the last incremental link; performing full link
       Manifest:
         C:\Program Files (x86)\Microsoft SDKs\Windows\v7.0A\bin\mt.exe /nologo /verbose /out:"Debug\timer.exe.embed.manifest" /manifest Debug\timer.exe.intermediate.manifest
         All outputs are up-to-date.
       LinkEmbedManifest:
         All outputs are up-to-date.
         timer.vcxproj -> F:\WINAPI1-\timer\timer\Debug\timer.exe
       FinalizeBuildStatus:
         Deleting file "Debug\timer.unsuccessfulbuild".
         Touching "Debug\timer.lastbuildstate".
     1>Done Building Project "F:\WINAPI1-\timer\timer\timer\timer.vcxproj" (build target(s)).

Build succeeded.

Time Elapsed 00:00:03.77
