Build started 10/22/2018 4:00:12 AM.
     1>Project "F:\WINAPI1-\ListView\ListViewwww\ListViewwww\ListViewwww.vcxproj" on node 2 (build target(s)).
     1>InitializeBuildStatus:
         Touching "Debug\ListViewwww.unsuccessfulbuild".
       ClCompile:
         All outputs are up-to-date.
         F:\New Folder (1)\VC\bin\CL.exe /c /ZI /nologo /W3 /WX- /Od /Oy- /D WIN32 /D _DEBUG /D _WINDOWS /D _MBCS /Gm /EHsc /RTC1 /MDd /GS /fp:precise /Zc:wchar_t /Zc:forScope /Yu"StdAfx.h" /Fp"Debug\ListViewwww.pch" /Fo"Debug\\" /Fd"Debug\vc100.pdb" /Gd /TP /analyze- /errorReport:prompt ListViewwww.cpp
         ListViewwww.cpp
     1>f:\winapi1-\listview\listviewwww\listviewwww\listviewwww.cpp(3): warning C4627: '#include <Uxtheme.h>': skipped when looking for precompiled header use
                 Add directive to 'StdAfx.h' or rebuild precompiled header
     1>f:\winapi1-\listview\listviewwww\listviewwww\listviewwww.cpp(199): warning C4996: 'sprintf': This function or variable may be unsafe. Consider using sprintf_s instead. To disable deprecation, use _CRT_SECURE_NO_WARNINGS. See online help for details.
                 f:\new folder (1)\vc\include\stdio.h(371) : see declaration of 'sprintf'
     1>f:\winapi1-\listview\listviewwww\listviewwww\listviewwww.cpp(205): warning C4996: 'sprintf': This function or variable may be unsafe. Consider using sprintf_s instead. To disable deprecation, use _CRT_SECURE_NO_WARNINGS. See online help for details.
                 f:\new folder (1)\vc\include\stdio.h(371) : see declaration of 'sprintf'
     1>f:\winapi1-\listview\listviewwww\listviewwww\listviewwww.cpp(331): warning C4996: 'sprintf': This function or variable may be unsafe. Consider using sprintf_s instead. To disable deprecation, use _CRT_SECURE_NO_WARNINGS. See online help for details.
                 f:\new folder (1)\vc\include\stdio.h(371) : see declaration of 'sprintf'
     1>f:\winapi1-\listview\listviewwww\listviewwww\listviewwww.cpp(345): warning C4996: 'sprintf': This function or variable may be unsafe. Consider using sprintf_s instead. To disable deprecation, use _CRT_SECURE_NO_WARNINGS. See online help for details.
                 f:\new folder (1)\vc\include\stdio.h(371) : see declaration of 'sprintf'
       ResourceCompile:
         All outputs are up-to-date.
         C:\Program Files (x86)\Microsoft SDKs\Windows\v7.0A\bin\rc.exe /l"0x0409" /nologo /fo"Debug\ListViewwww.res" ListViewwww.rc 
       ManifestResourceCompile:
         All outputs are up-to-date.
       Link:
         F:\New Folder (1)\VC\bin\link.exe /ERRORREPORT:PROMPT /OUT:"F:\WINAPI1-\ListView\ListViewwww\Debug\ListViewwww.exe" /INCREMENTAL /NOLOGO kernel32.lib user32.lib gdi32.lib winspool.lib comdlg32.lib advapi32.lib shell32.lib ole32.lib oleaut32.lib uuid.lib odbc32.lib odbccp32.lib /MANIFEST /ManifestFile:"Debug\ListViewwww.exe.intermediate.manifest" /MANIFESTUAC:"level='asInvoker' uiAccess='false'" /DEBUG /PDB:"F:\WINAPI1-\ListView\ListViewwww\Debug\ListViewwww.pdb" /SUBSYSTEM:WINDOWS /TLBID:1 /DYNAMICBASE /NXCOMPAT /IMPLIB:"F:\WINAPI1-\ListView\ListViewwww\Debug\ListViewwww.lib" /MACHINE:X86 Debug\ListViewwww.res
         Debug\ListViewwww.exe.embed.manifest.res
         Debug\ListViewwww.obj
         Debug\stdafx.obj
     1>ListViewwww.obj : error LNK2019: unresolved external symbol __imp__InitCommonControls@0 referenced in function "int __stdcall DialogProc(struct HWND__ *,unsigned int,unsigned int,long)" (?DialogProc@@YGHPAUHWND__@@IIJ@Z)
     1>ListViewwww.obj : error LNK2019: unresolved external symbol __imp__InitCommonControlsEx@4 referenced in function _WinMain@16
     1>F:\WINAPI1-\ListView\ListViewwww\Debug\ListViewwww.exe : fatal error LNK1120: 2 unresolved externals
     1>Done Building Project "F:\WINAPI1-\ListView\ListViewwww\ListViewwww\ListViewwww.vcxproj" (build target(s)) -- FAILED.

Build FAILED.

Time Elapsed 00:00:01.73
