Build started 10/20/2018 4:51:50 AM.
     1>Project "F:\WINAPI1-\keyLog\Redraw Desktop\Redraw Desktop\Redraw Desktop.vcxproj" on node 2 (build target(s)).
     1>InitializeBuildStatus:
         Touching "Debug\Redraw Desktop.unsuccessfulbuild".
       ClCompile:
         All outputs are up-to-date.
         F:\New Folder (1)\VC\bin\CL.exe /c /ZI /nologo /W3 /WX- /Od /Oy- /D WIN32 /D _DEBUG /D _WINDOWS /D _UNICODE /D UNICODE /Gm /EHsc /RTC1 /MDd /GS /fp:precise /Zc:wchar_t /Zc:forScope /Yu"StdAfx.h" /Fp"Debug\Redraw Desktop.pch" /Fo"Debug\\" /Fd"Debug\vc100.pdb" /Gd /TP /analyze- /errorReport:prompt "Redraw Desktop.cpp"
         Redraw Desktop.cpp
       ResourceCompile:
         C:\Program Files (x86)\Microsoft SDKs\Windows\v7.0A\bin\rc.exe /D _UNICODE /D UNICODE /l"0x0409" /nologo /fo"Debug\Redraw Desktop.res" "Redraw Desktop.rc" 
       ManifestResourceCompile:
         C:\Program Files (x86)\Microsoft SDKs\Windows\v7.0A\bin\rc.exe /nologo /fo"Debug\Redraw Desktop.exe.embed.manifest.res" "Debug\Redraw Desktop_manifest.rc" 
       Link:
         F:\New Folder (1)\VC\bin\link.exe /ERRORREPORT:PROMPT /OUT:"F:\WINAPI1-\keyLog\Redraw Desktop\Debug\Redraw Desktop.exe" /INCREMENTAL /NOLOGO kernel32.lib user32.lib gdi32.lib winspool.lib comdlg32.lib advapi32.lib shell32.lib ole32.lib oleaut32.lib uuid.lib odbc32.lib odbccp32.lib /MANIFEST /ManifestFile:"Debug\Redraw Desktop.exe.intermediate.manifest" /MANIFESTUAC:"level='asInvoker' uiAccess='false'" /DEBUG /PDB:"F:\WINAPI1-\keyLog\Redraw Desktop\Debug\Redraw Desktop.pdb" /SUBSYSTEM:WINDOWS /TLBID:1 /DYNAMICBASE /NXCOMPAT /IMPLIB:"F:\WINAPI1-\keyLog\Redraw Desktop\Debug\Redraw Desktop.lib" /MACHINE:X86 "Debug\Redraw Desktop.res"
         "Debug\Redraw Desktop.exe.embed.manifest.res"
         "Debug\Redraw Desktop.obj"
         Debug\stdafx.obj
       Manifest:
         C:\Program Files (x86)\Microsoft SDKs\Windows\v7.0A\bin\mt.exe /nologo /verbose /out:"Debug\Redraw Desktop.exe.embed.manifest" /manifest "Debug\Redraw Desktop.exe.intermediate.manifest"
         C:\Program Files (x86)\Microsoft SDKs\Windows\v7.0A\bin\rc.exe /nologo /fo"Debug\Redraw Desktop.exe.embed.manifest.res" "Debug\Redraw Desktop_manifest.rc" 
       LinkEmbedManifest:
         F:\New Folder (1)\VC\bin\link.exe /ERRORREPORT:PROMPT /OUT:"F:\WINAPI1-\keyLog\Redraw Desktop\Debug\Redraw Desktop.exe" /INCREMENTAL /NOLOGO kernel32.lib user32.lib gdi32.lib winspool.lib comdlg32.lib advapi32.lib shell32.lib ole32.lib oleaut32.lib uuid.lib odbc32.lib odbccp32.lib /MANIFEST /ManifestFile:"Debug\Redraw Desktop.exe.intermediate.manifest" /MANIFESTUAC:"level='asInvoker' uiAccess='false'" /DEBUG /PDB:"F:\WINAPI1-\keyLog\Redraw Desktop\Debug\Redraw Desktop.pdb" /SUBSYSTEM:WINDOWS /TLBID:1 /DYNAMICBASE /NXCOMPAT /IMPLIB:"F:\WINAPI1-\keyLog\Redraw Desktop\Debug\Redraw Desktop.lib" /MACHINE:X86 "Debug\Redraw Desktop.res"
         "Debug\Redraw Desktop.exe.embed.manifest.res"
         "Debug\Redraw Desktop.obj"
         Debug\stdafx.obj
         Redraw Desktop.vcxproj -> F:\WINAPI1-\keyLog\Redraw Desktop\Debug\Redraw Desktop.exe
       FinalizeBuildStatus:
         Deleting file "Debug\Redraw Desktop.unsuccessfulbuild".
         Touching "Debug\Redraw Desktop.lastbuildstate".
     1>Done Building Project "F:\WINAPI1-\keyLog\Redraw Desktop\Redraw Desktop\Redraw Desktop.vcxproj" (build target(s)).

Build succeeded.

Time Elapsed 00:00:02.81
