C:\WINDOWS\MICROSOFT.NET\FRAMEWORK\V4.0.30319\CLR.DLL
F:\WINAPI1-\SOCKET C\CLIENT\DEBUG\SOCKETS.EXE
F:\WINAPI1-\SOCKET C\CLIENT\DEBUG\SOCKETS.ILK
F:\WINAPI1-\SOCKET C\CLIENT\DEBUG\SOCKETS.PDB
F:\WINAPI1-\SOCKET C\CLIENT\SOCKETS\DEBUG\MAIN.OBJ
F:\WINAPI1-\SOCKET C\CLIENT\SOCKETS\DEBUG\SOCKETS.EXE.INTERMEDIATE.MANIFEST
F:\WINAPI1-\SOCKET C\CLIENT\SOCKETS\DEBUG\VC100.PDB
F:\WINAPI1-\SOCKET C\I\CLIENT\DEBUG\SOCKETS.EXE
F:\WINAPI1-\SOCKET C\I\CLIENT\DEBUG\SOCKETS.ILK
F:\WINAPI1-\SOCKET C\I\CLIENT\DEBUG\SOCKETS.PDB
F:\WINAPI1-\socket C\I\client\sockets\Debug\cl.command.1.tlog
F:\WINAPI1-\socket C\I\client\sockets\Debug\CL.read.1.tlog
F:\WINAPI1-\socket C\I\client\sockets\Debug\CL.write.1.tlog
F:\WINAPI1-\socket C\I\client\sockets\Debug\link.command.1.tlog
F:\WINAPI1-\socket C\I\client\sockets\Debug\link.read.1.tlog
F:\WINAPI1-\socket C\I\client\sockets\Debug\link.write.1.tlog
F:\WINAPI1-\SOCKET C\I\CLIENT\SOCKETS\DEBUG\MAIN.OBJ
F:\WINAPI1-\socket C\I\client\sockets\Debug\mt.command.1.tlog
F:\WINAPI1-\socket C\I\client\sockets\Debug\mt.read.1.tlog
F:\WINAPI1-\socket C\I\client\sockets\Debug\mt.write.1.tlog
F:\WINAPI1-\SOCKET C\I\CLIENT\SOCKETS\DEBUG\SOCKETS.EXE.INTERMEDIATE.MANIFEST
F:\WINAPI1-\socket C\I\client\sockets\Debug\sockets.vcxprojResolveAssemblyReference.cache
F:\WINAPI1-\socket C\I\client\sockets\Debug\sockets.write.1.tlog
F:\WINAPI1-\socket C\I\client\sockets\Debug\vc100.idb
F:\WINAPI1-\SOCKET C\I\CLIENT\SOCKETS\DEBUG\VC100.PDB
F:\WINAPI-F\SOCKETS\DEBUG\SOCKETS.EXE
F:\WINAPI-F\SOCKETS\DEBUG\SOCKETS.ILK
F:\WINAPI-F\SOCKETS\DEBUG\SOCKETS.PDB
F:\WINAPI-F\SOCKETS\SOCKETS\DEBUG\MAIN.OBJ
F:\WINAPI-F\SOCKETS\SOCKETS\DEBUG\SOCKETS.EXE.INTERMEDIATE.MANIFEST
F:\WINAPI-F\SOCKETS\SOCKETS\DEBUG\VC100.PDB
