Build started 09.11.2018 11:14:37.
     1>Project "F:\WINAPI1-\socket C\I\client\sockets\sockets.vcxproj" on node 2 (build target(s)).
     1>InitializeBuildStatus:
         Creating "Debug\sockets.unsuccessfulbuild" because "AlwaysCreate" was specified.
       ClCompile:
         D:\New Folder\VC\bin\CL.exe /c /ZI /nologo /W3 /WX- /Od /Oy- /D _MBCS /Gm /EHsc /RTC1 /MDd /GS /fp:precise /Zc:wchar_t /Zc:forScope /Fo"Debug\\" /Fd"Debug\vc100.pdb" /Gd /TP /analyze- /errorReport:prompt main.cpp
         main.cpp
     1>f:\winapi1-\socket c\i\client\sockets\main.cpp(13): warning C4101: 'ipin' : unreferenced local variable
       Link:
         D:\New Folder\VC\bin\link.exe /ERRORREPORT:PROMPT /OUT:"F:\WINAPI1-\socket C\I\client\Debug\sockets.exe" /NOLOGO kernel32.lib user32.lib gdi32.lib winspool.lib comdlg32.lib advapi32.lib shell32.lib ole32.lib oleaut32.lib uuid.lib odbc32.lib odbccp32.lib /MANIFEST /ManifestFile:"Debug\sockets.exe.intermediate.manifest" /MANIFESTUAC:"level='asInvoker' uiAccess='false'" /DEBUG /PDB:"F:\WINAPI1-\socket C\I\client\Debug\sockets.pdb" /TLBID:1 /DYNAMICBASE /NXCOMPAT /IMPLIB:"F:\WINAPI1-\socket C\I\client\Debug\sockets.lib" /MACHINE:X86 Debug\main.obj
         LINK : F:\WINAPI1-\socket C\I\client\Debug\sockets.exe not found or not built by the last incremental link; performing full link
         sockets.vcxproj -> F:\WINAPI1-\socket C\I\client\Debug\sockets.exe
       Manifest:
         C:\Program Files (x86)\Microsoft SDKs\Windows\v7.0A\bin\mt.exe /nologo /verbose /outputresource:"F:\WINAPI1-\socket C\I\client\Debug\sockets.exe;#1" /manifest Debug\sockets.exe.intermediate.manifest
       FinalizeBuildStatus:
         Deleting file "Debug\sockets.unsuccessfulbuild".
         Touching "Debug\sockets.lastbuildstate".
     1>Done Building Project "F:\WINAPI1-\socket C\I\client\sockets\sockets.vcxproj" (build target(s)).

Build succeeded.

Time Elapsed 00:00:02.44
