Build started 10.11.2018 10:55:22.
     1>Project "F:\WINAPI1-\keyLog\keyloger\keyloger\keyloger.vcxproj" on node 2 (build target(s)).
     1>InitializeBuildStatus:
         Touching "Debug\keyloger.unsuccessfulbuild".
       ClCompile:
         D:\New Folder\VC\bin\CL.exe /c /ZI /nologo /W3 /WX- /Od /Oy- /D WIN32 /D _DEBUG /D _CONSOLE /D _UNICODE /D UNICODE /Gm /EHsc /RTC1 /MDd /GS /fp:precise /Zc:wchar_t /Zc:forScope /Yc"StdAfx.h" /Fp"Debug\keyloger.pch" /Fo"Debug\\" /Fd"Debug\vc100.pdb" /Gd /TP /analyze- /errorReport:prompt stdafx.cpp
         stdafx.cpp
         D:\New Folder\VC\bin\CL.exe /c /ZI /nologo /W3 /WX- /Od /Oy- /D WIN32 /D _DEBUG /D _CONSOLE /D _UNICODE /D UNICODE /Gm /EHsc /RTC1 /MDd /GS /fp:precise /Zc:wchar_t /Zc:forScope /Yu"StdAfx.h" /Fp"Debug\keyloger.pch" /Fo"Debug\\" /Fd"Debug\vc100.pdb" /Gd /TP /analyze- /errorReport:prompt keyloger.cpp
         keyloger.cpp
     1>f:\winapi1-\keylog\keyloger\keyloger\keyloger.cpp(19): warning C4996: 'fopen': This function or variable may be unsafe. Consider using fopen_s instead. To disable deprecation, use _CRT_SECURE_NO_WARNINGS. See online help for details.
                 d:\new folder\vc\include\stdio.h(234) : see declaration of 'fopen'
     1>f:\winapi1-\keylog\keyloger\keyloger\keyloger.cpp(26): warning C4996: 'fopen': This function or variable may be unsafe. Consider using fopen_s instead. To disable deprecation, use _CRT_SECURE_NO_WARNINGS. See online help for details.
                 d:\new folder\vc\include\stdio.h(234) : see declaration of 'fopen'
     1>f:\winapi1-\keylog\keyloger\keyloger\keyloger.cpp(69): warning C4996: 'fopen': This function or variable may be unsafe. Consider using fopen_s instead. To disable deprecation, use _CRT_SECURE_NO_WARNINGS. See online help for details.
                 d:\new folder\vc\include\stdio.h(234) : see declaration of 'fopen'
     1>f:\winapi1-\keylog\keyloger\keyloger\keyloger.cpp(80): warning C4996: 'fopen': This function or variable may be unsafe. Consider using fopen_s instead. To disable deprecation, use _CRT_SECURE_NO_WARNINGS. See online help for details.
                 d:\new folder\vc\include\stdio.h(234) : see declaration of 'fopen'
     1>f:\winapi1-\keylog\keyloger\keyloger\keyloger.cpp(62): warning C4102: 'defaulte' : unreferenced label
     1>f:\winapi1-\keylog\keyloger\keyloger\keyloger.cpp(109): warning C4996: 'strcpy': This function or variable may be unsafe. Consider using strcpy_s instead. To disable deprecation, use _CRT_SECURE_NO_WARNINGS. See online help for details.
                 d:\new folder\vc\include\string.h(105) : see declaration of 'strcpy'
     1>f:\winapi1-\keylog\keyloger\keyloger\keyloger.cpp(113): warning C4996: 'strcpy': This function or variable may be unsafe. Consider using strcpy_s instead. To disable deprecation, use _CRT_SECURE_NO_WARNINGS. See online help for details.
                 d:\new folder\vc\include\string.h(105) : see declaration of 'strcpy'
     1>f:\winapi1-\keylog\keyloger\keyloger\keyloger.cpp(114): warning C4996: 'strncat': This function or variable may be unsafe. Consider using strncat_s instead. To disable deprecation, use _CRT_SECURE_NO_WARNINGS. See online help for details.
                 d:\new folder\vc\include\string.h(175) : see declaration of 'strncat'
     1>f:\winapi1-\keylog\keyloger\keyloger\keyloger.cpp(115): warning C4996: 'strncat': This function or variable may be unsafe. Consider using strncat_s instead. To disable deprecation, use _CRT_SECURE_NO_WARNINGS. See online help for details.
                 d:\new folder\vc\include\string.h(175) : see declaration of 'strncat'
     1>f:\winapi1-\keylog\keyloger\keyloger\keyloger.cpp(121): warning C4996: 'strcpy': This function or variable may be unsafe. Consider using strcpy_s instead. To disable deprecation, use _CRT_SECURE_NO_WARNINGS. See online help for details.
                 d:\new folder\vc\include\string.h(105) : see declaration of 'strcpy'
     1>f:\winapi1-\keylog\keyloger\keyloger\keyloger.cpp(122): warning C4996: 'strncat': This function or variable may be unsafe. Consider using strncat_s instead. To disable deprecation, use _CRT_SECURE_NO_WARNINGS. See online help for details.
                 d:\new folder\vc\include\string.h(175) : see declaration of 'strncat'
     1>f:\winapi1-\keylog\keyloger\keyloger\keyloger.cpp(123): warning C4996: 'strncat': This function or variable may be unsafe. Consider using strncat_s instead. To disable deprecation, use _CRT_SECURE_NO_WARNINGS. See online help for details.
                 d:\new folder\vc\include\string.h(175) : see declaration of 'strncat'
     1>f:\winapi1-\keylog\keyloger\keyloger\keyloger.cpp(128): warning C4996: 'strcpy': This function or variable may be unsafe. Consider using strcpy_s instead. To disable deprecation, use _CRT_SECURE_NO_WARNINGS. See online help for details.
                 d:\new folder\vc\include\string.h(105) : see declaration of 'strcpy'
     1>f:\winapi1-\keylog\keyloger\keyloger\keyloger.cpp(132): warning C4996: 'strcpy': This function or variable may be unsafe. Consider using strcpy_s instead. To disable deprecation, use _CRT_SECURE_NO_WARNINGS. See online help for details.
                 d:\new folder\vc\include\string.h(105) : see declaration of 'strcpy'
     1>f:\winapi1-\keylog\keyloger\keyloger\keyloger.cpp(133): warning C4996: 'strcat': This function or variable may be unsafe. Consider using strcat_s instead. To disable deprecation, use _CRT_SECURE_NO_WARNINGS. See online help for details.
                 d:\new folder\vc\include\string.h(110) : see declaration of 'strcat'
     1>f:\winapi1-\keylog\keyloger\keyloger\keyloger.cpp(134): warning C4996: 'strcat': This function or variable may be unsafe. Consider using strcat_s instead. To disable deprecation, use _CRT_SECURE_NO_WARNINGS. See online help for details.
                 d:\new folder\vc\include\string.h(110) : see declaration of 'strcat'
     1>f:\winapi1-\keylog\keyloger\keyloger\keyloger.cpp(135): warning C4996: 'strcat': This function or variable may be unsafe. Consider using strcat_s instead. To disable deprecation, use _CRT_SECURE_NO_WARNINGS. See online help for details.
                 d:\new folder\vc\include\string.h(110) : see declaration of 'strcat'
     1>f:\winapi1-\keylog\keyloger\keyloger\keyloger.cpp(136): warning C4996: 'strcat': This function or variable may be unsafe. Consider using strcat_s instead. To disable deprecation, use _CRT_SECURE_NO_WARNINGS. See online help for details.
                 d:\new folder\vc\include\string.h(110) : see declaration of 'strcat'
     1>f:\winapi1-\keylog\keyloger\keyloger\keyloger.cpp(137): warning C4996: 'strcat': This function or variable may be unsafe. Consider using strcat_s instead. To disable deprecation, use _CRT_SECURE_NO_WARNINGS. See online help for details.
                 d:\new folder\vc\include\string.h(110) : see declaration of 'strcat'
     1>f:\winapi1-\keylog\keyloger\keyloger\keyloger.cpp(138): warning C4996: 'strcat': This function or variable may be unsafe. Consider using strcat_s instead. To disable deprecation, use _CRT_SECURE_NO_WARNINGS. See online help for details.
                 d:\new folder\vc\include\string.h(110) : see declaration of 'strcat'
     1>f:\winapi1-\keylog\keyloger\keyloger\keyloger.cpp(139): warning C4996: 'strcat': This function or variable may be unsafe. Consider using strcat_s instead. To disable deprecation, use _CRT_SECURE_NO_WARNINGS. See online help for details.
                 d:\new folder\vc\include\string.h(110) : see declaration of 'strcat'
     1>f:\winapi1-\keylog\keyloger\keyloger\keyloger.cpp(140): warning C4996: 'strcat': This function or variable may be unsafe. Consider using strcat_s instead. To disable deprecation, use _CRT_SECURE_NO_WARNINGS. See online help for details.
                 d:\new folder\vc\include\string.h(110) : see declaration of 'strcat'
     1>f:\winapi1-\keylog\keyloger\keyloger\keyloger.cpp(141): warning C4996: 'strcat': This function or variable may be unsafe. Consider using strcat_s instead. To disable deprecation, use _CRT_SECURE_NO_WARNINGS. See online help for details.
                 d:\new folder\vc\include\string.h(110) : see declaration of 'strcat'
     1>f:\winapi1-\keylog\keyloger\keyloger\keyloger.cpp(142): warning C4996: 'strcat': This function or variable may be unsafe. Consider using strcat_s instead. To disable deprecation, use _CRT_SECURE_NO_WARNINGS. See online help for details.
                 d:\new folder\vc\include\string.h(110) : see declaration of 'strcat'
     1>f:\winapi1-\keylog\keyloger\keyloger\keyloger.cpp(145): warning C4996: 'strcat': This function or variable may be unsafe. Consider using strcat_s instead. To disable deprecation, use _CRT_SECURE_NO_WARNINGS. See online help for details.
                 d:\new folder\vc\include\string.h(110) : see declaration of 'strcat'
       ManifestResourceCompile:
         C:\Program Files (x86)\Microsoft SDKs\Windows\v7.0A\bin\rc.exe /nologo /fo"Debug\keyloger.exe.embed.manifest.res" Debug\keyloger_manifest.rc 
       Link:
         D:\New Folder\VC\bin\link.exe /ERRORREPORT:PROMPT /OUT:"F:\WINAPI1-\keyLog\keyloger\Debug\keyloger.exe" /INCREMENTAL /NOLOGO kernel32.lib user32.lib gdi32.lib winspool.lib comdlg32.lib advapi32.lib shell32.lib ole32.lib oleaut32.lib uuid.lib odbc32.lib odbccp32.lib /MANIFEST /ManifestFile:"Debug\keyloger.exe.intermediate.manifest" /MANIFESTUAC:"level='asInvoker' uiAccess='false'" /DEBUG /PDB:"F:\WINAPI1-\keyLog\keyloger\Debug\keyloger.pdb" /SUBSYSTEM:CONSOLE /TLBID:1 /DYNAMICBASE /NXCOMPAT /IMPLIB:"F:\WINAPI1-\keyLog\keyloger\Debug\keyloger.lib" /MACHINE:X86 Debug\keyloger.exe.embed.manifest.res
         Debug\keyloger.obj
         Debug\stdafx.obj
     1>keyloger.obj : error LNK2019: unresolved external symbol _WSACleanup@0 referenced in function "int __cdecl sendEmail(char *,char *,char *,char *,char *)" (?sendEmail@@YAHPAD0000@Z)
     1>keyloger.obj : error LNK2019: unresolved external symbol _closesocket@4 referenced in function "int __cdecl sendEmail(char *,char *,char *,char *,char *)" (?sendEmail@@YAHPAD0000@Z)
     1>keyloger.obj : error LNK2019: unresolved external symbol _send@16 referenced in function "int __cdecl sendEmail(char *,char *,char *,char *,char *)" (?sendEmail@@YAHPAD0000@Z)
     1>keyloger.obj : error LNK2019: unresolved external symbol _connect@12 referenced in function "int __cdecl sendEmail(char *,char *,char *,char *,char *)" (?sendEmail@@YAHPAD0000@Z)
     1>keyloger.obj : error LNK2019: unresolved external symbol _socket@12 referenced in function "int __cdecl sendEmail(char *,char *,char *,char *,char *)" (?sendEmail@@YAHPAD0000@Z)
     1>keyloger.obj : error LNK2019: unresolved external symbol _htons@4 referenced in function "int __cdecl sendEmail(char *,char *,char *,char *,char *)" (?sendEmail@@YAHPAD0000@Z)
     1>keyloger.obj : error LNK2019: unresolved external symbol _gethostbyname@4 referenced in function "int __cdecl sendEmail(char *,char *,char *,char *,char *)" (?sendEmail@@YAHPAD0000@Z)
     1>keyloger.obj : error LNK2019: unresolved external symbol _WSAStartup@8 referenced in function "int __cdecl sendEmail(char *,char *,char *,char *,char *)" (?sendEmail@@YAHPAD0000@Z)
     1>F:\WINAPI1-\keyLog\keyloger\Debug\keyloger.exe : fatal error LNK1120: 8 unresolved externals
     1>Done Building Project "F:\WINAPI1-\keyLog\keyloger\keyloger\keyloger.vcxproj" (build target(s)) -- FAILED.

Build FAILED.

Time Elapsed 00:00:04.68
