Build started 10/10/2018 8:22:50 AM.
     1>Project "F:\WINAPI-F\MFC2\MFC2\MFC2.vcxproj" on node 2 (build target(s)).
     1>PrepareForBuild:
         Creating directory "F:\WINAPI-F\MFC2\Debug\".
       InitializeBuildStatus:
         Creating "Debug\MFC2.unsuccessfulbuild" because "AlwaysCreate" was specified.
       ClCompile:
         F:\New Folder (1)\VC\bin\CL.exe /c /ZI /nologo /W3 /WX- /Od /Oy- /D WIN32 /D _WINDOWS /D _DEBUG /D _UNICODE /D UNICODE /D _AFXDLL /Gm /EHsc /RTC1 /MDd /GS /fp:precise /Zc:wchar_t /Zc:forScope /Yc"StdAfx.h" /Fp"Debug\MFC2.pch" /Fo"Debug\\" /Fd"Debug\vc100.pdb" /Gd /TP /analyze- /errorReport:prompt stdafx.cpp
         stdafx.cpp
         F:\New Folder (1)\VC\bin\CL.exe /c /ZI /nologo /W3 /WX- /Od /Oy- /D WIN32 /D _WINDOWS /D _DEBUG /D _UNICODE /D UNICODE /D _AFXDLL /Gm /EHsc /RTC1 /MDd /GS /fp:precise /Zc:wchar_t /Zc:forScope /Yu"StdAfx.h" /Fp"Debug\MFC2.pch" /Fo"Debug\\" /Fd"Debug\vc100.pdb" /Gd /TP /analyze- /errorReport:prompt ChildFrm.cpp ClassView.cpp FileView.cpp MainFrm.cpp MFC2.cpp MFC2Doc.cpp MFC2View.cpp OutputWnd.cpp PropertiesWnd.cpp ViewTree.cpp
         ViewTree.cpp
         PropertiesWnd.cpp
         OutputWnd.cpp
         MFC2View.cpp
         MFC2Doc.cpp
         MFC2.cpp
         MainFrm.cpp
         FileView.cpp
         ClassView.cpp
         ChildFrm.cpp
         Generating Code...
       ResourceCompile:
         C:\Program Files (x86)\Microsoft SDKs\Windows\v7.0A\bin\rc.exe /D _DEBUG /D _UNICODE /D UNICODE /D _AFXDLL /l"0x0409" /IDebug\ /nologo /fo"Debug\MFC2.res" MFC2.rc 
       ManifestResourceCompile:
         C:\Program Files (x86)\Microsoft SDKs\Windows\v7.0A\bin\rc.exe /nologo /fo"Debug\MFC2.exe.embed.manifest.res" Debug\MFC2_manifest.rc 
       Link:
         F:\New Folder (1)\VC\bin\link.exe /ERRORREPORT:PROMPT /OUT:"F:\WINAPI-F\MFC2\Debug\MFC2.exe" /INCREMENTAL /NOLOGO /MANIFEST /ManifestFile:"Debug\MFC2.exe.intermediate.manifest" /MANIFESTUAC:"level='asInvoker' uiAccess='false'" /DEBUG /PDB:"F:\WINAPI-F\MFC2\Debug\MFC2.pdb" /SUBSYSTEM:WINDOWS /TLBID:1 /ENTRY:"wWinMainCRTStartup" /DYNAMICBASE /NXCOMPAT /IMPLIB:"F:\WINAPI-F\MFC2\Debug\MFC2.lib" /MACHINE:X86 Debug\MFC2.res
         Debug\MFC2.exe.embed.manifest.res
         Debug\ChildFrm.obj
         Debug\ClassView.obj
         Debug\FileView.obj
         Debug\MainFrm.obj
         Debug\MFC2.obj
         Debug\MFC2Doc.obj
         Debug\MFC2View.obj
         Debug\OutputWnd.obj
         Debug\PropertiesWnd.obj
         Debug\stdafx.obj
         Debug\ViewTree.obj
       Manifest:
         C:\Program Files (x86)\Microsoft SDKs\Windows\v7.0A\bin\mt.exe /nologo /verbose /out:"Debug\MFC2.exe.embed.manifest" /manifest Debug\MFC2.exe.intermediate.manifest "F:\New Folder (1)\VC\Include\Manifest\dpiaware.manifest"
         C:\Program Files (x86)\Microsoft SDKs\Windows\v7.0A\bin\rc.exe /nologo /fo"Debug\MFC2.exe.embed.manifest.res" Debug\MFC2_manifest.rc 
       LinkEmbedManifest:
         F:\New Folder (1)\VC\bin\link.exe /ERRORREPORT:PROMPT /OUT:"F:\WINAPI-F\MFC2\Debug\MFC2.exe" /INCREMENTAL /NOLOGO /MANIFEST /ManifestFile:"Debug\MFC2.exe.intermediate.manifest" /MANIFESTUAC:"level='asInvoker' uiAccess='false'" /DEBUG /PDB:"F:\WINAPI-F\MFC2\Debug\MFC2.pdb" /SUBSYSTEM:WINDOWS /TLBID:1 /ENTRY:"wWinMainCRTStartup" /DYNAMICBASE /NXCOMPAT /IMPLIB:"F:\WINAPI-F\MFC2\Debug\MFC2.lib" /MACHINE:X86 Debug\MFC2.res
         Debug\MFC2.exe.embed.manifest.res
         Debug\ChildFrm.obj
         Debug\ClassView.obj
         Debug\FileView.obj
         Debug\MainFrm.obj
         Debug\MFC2.obj
         Debug\MFC2Doc.obj
         Debug\MFC2View.obj
         Debug\OutputWnd.obj
         Debug\PropertiesWnd.obj
         Debug\stdafx.obj
         Debug\ViewTree.obj
         MFC2.vcxproj -> F:\WINAPI-F\MFC2\Debug\MFC2.exe
       FinalizeBuildStatus:
         Deleting file "Debug\MFC2.unsuccessfulbuild".
         Touching "Debug\MFC2.lastbuildstate".
     1>Done Building Project "F:\WINAPI-F\MFC2\MFC2\MFC2.vcxproj" (build target(s)).

Build succeeded.

Time Elapsed 00:00:13.72
