.\Debug\main.bsc
.\Debug\main.ilk
.\Debug\main.pdb
F:\WINAPI1-\project\.\Debug\main.exe
F:\WINAPI1-\project\.\Debug\main.exe.intermediate.manifest
F:\WINAPI1-\project\Debug\BscMake.command.1.tlog
F:\WINAPI1-\project\Debug\bscmake.read.1.tlog
F:\WINAPI1-\project\Debug\bscmake.write.1.tlog
F:\WINAPI1-\project\Debug\cl.command.1.tlog
F:\WINAPI1-\project\Debug\CL.read.1.tlog
F:\WINAPI1-\project\Debug\CL.write.1.tlog
F:\WINAPI1-\PROJECT\DEBUG\CLOCK.OBJ
F:\WINAPI1-\PROJECT\DEBUG\CLOCK.SBR
F:\WINAPI1-\PROJECT\DEBUG\CREATEFORM.OBJ
F:\WINAPI1-\PROJECT\DEBUG\CREATEFORM.SBR
F:\WINAPI1-\PROJECT\DEBUG\HWND.OBJ
F:\WINAPI1-\PROJECT\DEBUG\HWND.SBR
F:\WINAPI1-\project\Debug\link.2588.read.1.tlog
F:\WINAPI1-\project\Debug\link.2588.write.1.tlog
F:\WINAPI1-\project\Debug\link.2588-cvtres.read.1.tlog
F:\WINAPI1-\project\Debug\link.2588-cvtres.write.1.tlog
F:\WINAPI1-\project\Debug\link.2740.read.1.tlog
F:\WINAPI1-\project\Debug\link.2740.write.1.tlog
F:\WINAPI1-\project\Debug\link.2740-cvtres.read.1.tlog
F:\WINAPI1-\project\Debug\link.2740-cvtres.write.1.tlog
F:\WINAPI1-\project\Debug\link.3124.read.1.tlog
F:\WINAPI1-\project\Debug\link.3124.write.1.tlog
F:\WINAPI1-\project\Debug\link.3124-cvtres.read.1.tlog
F:\WINAPI1-\project\Debug\link.3124-cvtres.write.1.tlog
F:\WINAPI1-\project\Debug\link.5740.read.1.tlog
F:\WINAPI1-\project\Debug\link.5740.write.1.tlog
F:\WINAPI1-\project\Debug\link.5740-cvtres.read.1.tlog
F:\WINAPI1-\project\Debug\link.5740-cvtres.write.1.tlog
F:\WINAPI1-\project\Debug\link.command.1.tlog
F:\WINAPI1-\project\Debug\link.read.1.tlog
F:\WINAPI1-\project\Debug\link.write.1.tlog
F:\WINAPI1-\project\Debug\link-cvtres.read.1.tlog
F:\WINAPI1-\project\Debug\link-cvtres.write.1.tlog
F:\WINAPI1-\PROJECT\DEBUG\MAIN.BSC
F:\WINAPI1-\PROJECT\DEBUG\MAIN.EXE
F:\WINAPI1-\project\Debug\main.exe.embed.manifest
F:\WINAPI1-\PROJECT\DEBUG\MAIN.EXE.EMBED.MANIFEST.RES
F:\WINAPI1-\PROJECT\DEBUG\MAIN.EXE.INTERMEDIATE.MANIFEST
F:\WINAPI1-\PROJECT\DEBUG\MAIN.ILK
F:\WINAPI1-\PROJECT\DEBUG\MAIN.OBJ
F:\WINAPI1-\PROJECT\DEBUG\MAIN.PDB
F:\WINAPI1-\PROJECT\DEBUG\MAIN.SBR
F:\WINAPI1-\project\Debug\main.vcxprojResolveAssemblyReference.cache
F:\WINAPI1-\project\Debug\main.write.1.tlog
F:\WINAPI1-\project\Debug\main_manifest.rc
F:\WINAPI1-\project\Debug\mt.command.1.tlog
F:\WINAPI1-\project\Debug\mt.read.1.tlog
F:\WINAPI1-\project\Debug\mt.write.1.tlog
F:\WINAPI1-\PROJECT\DEBUG\OPENFILEDILOG.OBJ
F:\WINAPI1-\PROJECT\DEBUG\OPENFILEDILOG.SBR
F:\WINAPI1-\project\Debug\rc.command.1.tlog
F:\WINAPI1-\project\Debug\rc.read.1.tlog
F:\WINAPI1-\project\Debug\rc.write.1.tlog
F:\WINAPI1-\PROJECT\DEBUG\READING.OBJ
F:\WINAPI1-\PROJECT\DEBUG\READING.SBR
F:\WINAPI1-\PROJECT\DEBUG\REGISTRREADUSER.OBJ
F:\WINAPI1-\PROJECT\DEBUG\REGISTRREADUSER.SBR
F:\WINAPI1-\project\Debug\vc100.idb
F:\WINAPI1-\PROJECT\DEBUG\VC100.PDB
F:\WINAPI-F\PROJECT\DEBUG\CLOCK.OBJ
F:\WINAPI-F\PROJECT\DEBUG\CLOCK.SBR
F:\WINAPI-F\PROJECT\DEBUG\CREATEFORM.OBJ
F:\WINAPI-F\PROJECT\DEBUG\CREATEFORM.SBR
F:\WINAPI-F\PROJECT\DEBUG\HWND.OBJ
F:\WINAPI-F\PROJECT\DEBUG\HWND.SBR
F:\WINAPI-F\PROJECT\DEBUG\MAIN.BSC
F:\WINAPI-F\PROJECT\DEBUG\MAIN.EXE
F:\WINAPI-F\PROJECT\DEBUG\MAIN.EXE.EMBED.MANIFEST
F:\WINAPI-F\PROJECT\DEBUG\MAIN.EXE.EMBED.MANIFEST.RES
F:\WINAPI-F\PROJECT\DEBUG\MAIN.EXE.INTERMEDIATE.MANIFEST
F:\WINAPI-F\PROJECT\DEBUG\MAIN.ILK
F:\WINAPI-F\PROJECT\DEBUG\MAIN.OBJ
F:\WINAPI-F\PROJECT\DEBUG\MAIN.PDB
F:\WINAPI-F\PROJECT\DEBUG\MAIN.SBR
F:\WINAPI-F\PROJECT\DEBUG\OPENFILEDILOG.OBJ
F:\WINAPI-F\PROJECT\DEBUG\OPENFILEDILOG.SBR
F:\WINAPI-F\PROJECT\DEBUG\READING.OBJ
F:\WINAPI-F\PROJECT\DEBUG\READING.SBR
F:\WINAPI-F\PROJECT\DEBUG\REGISTRREADUSER.OBJ
F:\WINAPI-F\PROJECT\DEBUG\REGISTRREADUSER.SBR
F:\WINAPI-F\PROJECT\DEBUG\VC100.PDB
