.\Debug\main.bsc
.\Debug\main.ilk
.\Debug\main.pdb
F:\WINAPI1-\ListView\My\.\Debug\main.exe
F:\WINAPI1-\ListView\My\.\Debug\main.exe.intermediate.manifest
F:\WINAPI1-\ListView\My\Debug\BscMake.command.1.tlog
F:\WINAPI1-\ListView\My\Debug\bscmake.read.1.tlog
F:\WINAPI1-\ListView\My\Debug\bscmake.write.1.tlog
F:\WINAPI1-\ListView\My\Debug\cl.command.1.tlog
F:\WINAPI1-\ListView\My\Debug\CL.read.1.tlog
F:\WINAPI1-\ListView\My\Debug\CL.write.1.tlog
F:\WINAPI1-\ListView\My\Debug\link.8664.read.1.tlog
F:\WINAPI1-\ListView\My\Debug\link.8664.write.1.tlog
F:\WINAPI1-\ListView\My\Debug\link.8664-cvtres.read.1.tlog
F:\WINAPI1-\ListView\My\Debug\link.8664-cvtres.write.1.tlog
F:\WINAPI1-\ListView\My\Debug\link.command.1.tlog
F:\WINAPI1-\ListView\My\Debug\link.read.1.tlog
F:\WINAPI1-\ListView\My\Debug\link.write.1.tlog
F:\WINAPI1-\ListView\My\Debug\link-cvtres.read.1.tlog
F:\WINAPI1-\ListView\My\Debug\link-cvtres.write.1.tlog
F:\WINAPI1-\LISTVIEW\MY\DEBUG\MAIN.BSC
F:\WINAPI1-\LISTVIEW\MY\DEBUG\MAIN.EXE
F:\WINAPI1-\LISTVIEW\MY\DEBUG\MAIN.EXE.EMBED.MANIFEST
F:\WINAPI1-\LISTVIEW\MY\DEBUG\MAIN.EXE.EMBED.MANIFEST.RES
F:\WINAPI1-\LISTVIEW\MY\DEBUG\MAIN.EXE.INTERMEDIATE.MANIFEST
F:\WINAPI1-\LISTVIEW\MY\DEBUG\MAIN.ILK
F:\WINAPI1-\LISTVIEW\MY\DEBUG\MAIN.OBJ
F:\WINAPI1-\LISTVIEW\MY\DEBUG\MAIN.PDB
F:\WINAPI1-\LISTVIEW\MY\DEBUG\MAIN.SBR
F:\WINAPI1-\ListView\My\Debug\main.write.1.tlog
F:\WINAPI1-\ListView\My\Debug\main_manifest.rc
F:\WINAPI1-\ListView\My\Debug\mt.command.1.tlog
F:\WINAPI1-\ListView\My\Debug\mt.read.1.tlog
F:\WINAPI1-\ListView\My\Debug\mt.write.1.tlog
F:\WINAPI1-\ListView\My\Debug\rc.command.1.tlog
F:\WINAPI1-\ListView\My\Debug\rc.read.1.tlog
F:\WINAPI1-\ListView\My\Debug\rc.write.1.tlog
F:\WINAPI1-\ListView\My\Debug\vc100.idb
F:\WINAPI1-\LISTVIEW\MY\DEBUG\VC100.PDB
