.\Debug\main.bsc
.\Debug\main.ilk
.\Debug\main.pdb
C:\Users\vaxoa\OneDrive\Documents\GitHub\WINAPI\icon\.\Debug\main.exe
C:\Users\vaxoa\OneDrive\Documents\GitHub\WINAPI\icon\.\Debug\main.exe.intermediate.manifest
C:\Users\vaxoa\OneDrive\Documents\GitHub\WINAPI\icon\Debug\BscMake.command.1.tlog
C:\Users\vaxoa\OneDrive\Documents\GitHub\WINAPI\icon\Debug\bscmake.read.1.tlog
C:\Users\vaxoa\OneDrive\Documents\GitHub\WINAPI\icon\Debug\bscmake.write.1.tlog
C:\Users\vaxoa\OneDrive\Documents\GitHub\WINAPI\icon\Debug\cl.command.1.tlog
C:\Users\vaxoa\OneDrive\Documents\GitHub\WINAPI\icon\Debug\CL.read.1.tlog
C:\Users\vaxoa\OneDrive\Documents\GitHub\WINAPI\icon\Debug\CL.write.1.tlog
C:\Users\vaxoa\OneDrive\Documents\GitHub\WINAPI\icon\Debug\link.15276.read.1.tlog
C:\Users\vaxoa\OneDrive\Documents\GitHub\WINAPI\icon\Debug\link.15276.write.1.tlog
C:\Users\vaxoa\OneDrive\Documents\GitHub\WINAPI\icon\Debug\link.15276-cvtres.read.1.tlog
C:\Users\vaxoa\OneDrive\Documents\GitHub\WINAPI\icon\Debug\link.15276-cvtres.write.1.tlog
C:\Users\vaxoa\OneDrive\Documents\GitHub\WINAPI\icon\Debug\link.3328.read.1.tlog
C:\Users\vaxoa\OneDrive\Documents\GitHub\WINAPI\icon\Debug\link.3328.write.1.tlog
C:\Users\vaxoa\OneDrive\Documents\GitHub\WINAPI\icon\Debug\link.3328-cvtres.read.1.tlog
C:\Users\vaxoa\OneDrive\Documents\GitHub\WINAPI\icon\Debug\link.3328-cvtres.write.1.tlog
C:\Users\vaxoa\OneDrive\Documents\GitHub\WINAPI\icon\Debug\link.6132.read.1.tlog
C:\Users\vaxoa\OneDrive\Documents\GitHub\WINAPI\icon\Debug\link.6132.write.1.tlog
C:\Users\vaxoa\OneDrive\Documents\GitHub\WINAPI\icon\Debug\link.6132-cvtres.read.1.tlog
C:\Users\vaxoa\OneDrive\Documents\GitHub\WINAPI\icon\Debug\link.6132-cvtres.write.1.tlog
C:\Users\vaxoa\OneDrive\Documents\GitHub\WINAPI\icon\Debug\link.command.1.tlog
C:\Users\vaxoa\OneDrive\Documents\GitHub\WINAPI\icon\Debug\link.read.1.tlog
C:\Users\vaxoa\OneDrive\Documents\GitHub\WINAPI\icon\Debug\link.write.1.tlog
C:\Users\vaxoa\OneDrive\Documents\GitHub\WINAPI\icon\Debug\link-cvtres.read.1.tlog
C:\Users\vaxoa\OneDrive\Documents\GitHub\WINAPI\icon\Debug\link-cvtres.write.1.tlog
C:\USERS\VAXOA\ONEDRIVE\DOCUMENTS\GITHUB\WINAPI\ICON\DEBUG\MAIN.BSC
C:\USERS\VAXOA\ONEDRIVE\DOCUMENTS\GITHUB\WINAPI\ICON\DEBUG\MAIN.EXE
C:\Users\vaxoa\OneDrive\Documents\GitHub\WINAPI\icon\Debug\main.exe.embed.manifest
C:\USERS\VAXOA\ONEDRIVE\DOCUMENTS\GITHUB\WINAPI\ICON\DEBUG\MAIN.EXE.EMBED.MANIFEST.RES
C:\USERS\VAXOA\ONEDRIVE\DOCUMENTS\GITHUB\WINAPI\ICON\DEBUG\MAIN.EXE.INTERMEDIATE.MANIFEST
C:\USERS\VAXOA\ONEDRIVE\DOCUMENTS\GITHUB\WINAPI\ICON\DEBUG\MAIN.ILK
C:\USERS\VAXOA\ONEDRIVE\DOCUMENTS\GITHUB\WINAPI\ICON\DEBUG\MAIN.OBJ
C:\USERS\VAXOA\ONEDRIVE\DOCUMENTS\GITHUB\WINAPI\ICON\DEBUG\MAIN.PDB
C:\USERS\VAXOA\ONEDRIVE\DOCUMENTS\GITHUB\WINAPI\ICON\DEBUG\MAIN.SBR
C:\Users\vaxoa\OneDrive\Documents\GitHub\WINAPI\icon\Debug\main.vcxprojResolveAssemblyReference.cache
C:\Users\vaxoa\OneDrive\Documents\GitHub\WINAPI\icon\Debug\main.write.1.tlog
C:\Users\vaxoa\OneDrive\Documents\GitHub\WINAPI\icon\Debug\main_manifest.rc
C:\Users\vaxoa\OneDrive\Documents\GitHub\WINAPI\icon\Debug\mt.command.1.tlog
C:\Users\vaxoa\OneDrive\Documents\GitHub\WINAPI\icon\Debug\mt.read.1.tlog
C:\Users\vaxoa\OneDrive\Documents\GitHub\WINAPI\icon\Debug\mt.write.1.tlog
C:\Users\vaxoa\OneDrive\Documents\GitHub\WINAPI\icon\Debug\rc.command.1.tlog
C:\Users\vaxoa\OneDrive\Documents\GitHub\WINAPI\icon\Debug\rc.read.1.tlog
C:\Users\vaxoa\OneDrive\Documents\GitHub\WINAPI\icon\Debug\rc.write.1.tlog
C:\Users\vaxoa\OneDrive\Documents\GitHub\WINAPI\icon\Debug\vc100.idb
C:\USERS\VAXOA\ONEDRIVE\DOCUMENTS\GITHUB\WINAPI\ICON\DEBUG\VC100.PDB
C:\USERS\VAXOA\ONEDRIVE\DOCUMENTS\P25\DEBUG\MAIN.BSC
C:\USERS\VAXOA\ONEDRIVE\DOCUMENTS\P25\DEBUG\MAIN.EXE
C:\USERS\VAXOA\ONEDRIVE\DOCUMENTS\P25\DEBUG\MAIN.EXE.EMBED.MANIFEST.RES
C:\USERS\VAXOA\ONEDRIVE\DOCUMENTS\P25\DEBUG\MAIN.EXE.INTERMEDIATE.MANIFEST
C:\USERS\VAXOA\ONEDRIVE\DOCUMENTS\P25\DEBUG\MAIN.ILK
C:\USERS\VAXOA\ONEDRIVE\DOCUMENTS\P25\DEBUG\MAIN.OBJ
C:\USERS\VAXOA\ONEDRIVE\DOCUMENTS\P25\DEBUG\MAIN.PDB
C:\USERS\VAXOA\ONEDRIVE\DOCUMENTS\P25\DEBUG\MAIN.SBR
C:\USERS\VAXOA\ONEDRIVE\DOCUMENTS\P25\DEBUG\VC100.PDB
