Build started 10/19/2018 7:28:23 AM.
     1>Project "F:\WINAPI1-\SHvili fanjris mesijebi\SubClassWndProc\SubClassWndProc\SubClassWndProc.vcxproj" on node 2 (build target(s)).
     1>InitializeBuildStatus:
         Creating "Debug\SubClassWndProc.unsuccessfulbuild" because "AlwaysCreate" was specified.
       ClCompile:
         F:\New Folder (1)\VC\bin\CL.exe /c /ZI /nologo /W3 /WX- /Od /Oy- /D WIN32 /D _DEBUG /D _WINDOWS /D _UNICODE /D UNICODE /Gm /EHsc /RTC1 /MDd /GS /fp:precise /Zc:wchar_t /Zc:forScope /Fo"Debug\\" /Fd"Debug\vc100.pdb" /Gd /TP /analyze- /errorReport:prompt main.cpp
         main.cpp
     1>f:\winapi1-\shvili fanjris mesijebi\subclasswndproc\subclasswndproc\main.cpp(19): warning C4101: 'hwnd' : unreferenced local variable
     1>f:\winapi1-\shvili fanjris mesijebi\subclasswndproc\subclasswndproc\main.cpp(183): warning C4996: 'sprintf': This function or variable may be unsafe. Consider using sprintf_s instead. To disable deprecation, use _CRT_SECURE_NO_WARNINGS. See online help for details.
                 f:\new folder (1)\vc\include\stdio.h(371) : see declaration of 'sprintf'
       ManifestResourceCompile:
         All outputs are up-to-date.
       Link:
         F:\New Folder (1)\VC\bin\link.exe /ERRORREPORT:PROMPT /OUT:"F:\WINAPI1-\SHvili fanjris mesijebi\SubClassWndProc\Debug\SubClassWndProc.exe" /INCREMENTAL /NOLOGO kernel32.lib user32.lib gdi32.lib winspool.lib comdlg32.lib advapi32.lib shell32.lib ole32.lib oleaut32.lib uuid.lib odbc32.lib odbccp32.lib /MANIFEST /ManifestFile:"Debug\SubClassWndProc.exe.intermediate.manifest" /MANIFESTUAC:"level='asInvoker' uiAccess='false'" /DEBUG /PDB:"F:\WINAPI1-\SHvili fanjris mesijebi\SubClassWndProc\Debug\SubClassWndProc.pdb" /SUBSYSTEM:WINDOWS /TLBID:1 /DYNAMICBASE /NXCOMPAT /IMPLIB:"F:\WINAPI1-\SHvili fanjris mesijebi\SubClassWndProc\Debug\SubClassWndProc.lib" /MACHINE:X86 Debug\SubClassWndProc.exe.embed.manifest.res
         Debug\main.obj
       Manifest:
         C:\Program Files (x86)\Microsoft SDKs\Windows\v7.0A\bin\mt.exe /nologo /verbose /out:"Debug\SubClassWndProc.exe.embed.manifest" /manifest Debug\SubClassWndProc.exe.intermediate.manifest
         All outputs are up-to-date.
       LinkEmbedManifest:
         All outputs are up-to-date.
         SubClassWndProc.vcxproj -> F:\WINAPI1-\SHvili fanjris mesijebi\SubClassWndProc\Debug\SubClassWndProc.exe
       FinalizeBuildStatus:
         Deleting file "Debug\SubClassWndProc.unsuccessfulbuild".
         Touching "Debug\SubClassWndProc.lastbuildstate".
     1>Done Building Project "F:\WINAPI1-\SHvili fanjris mesijebi\SubClassWndProc\SubClassWndProc\SubClassWndProc.vcxproj" (build target(s)).

Build succeeded.

Time Elapsed 00:00:01.90
