.\Debug\p21.ilk
.\Debug\p21.pdb
F:\WINAPI1-\BUTTON\transparentButton\p21\.\Debug\p21.exe
F:\WINAPI1-\BUTTON\transparentButton\p21\.\Debug\p21.exe.intermediate.manifest
F:\WINAPI1-\BUTTON\transparentButton\p21\Debug\cl.command.1.tlog
F:\WINAPI1-\BUTTON\transparentButton\p21\Debug\CL.read.1.tlog
F:\WINAPI1-\BUTTON\transparentButton\p21\Debug\CL.write.1.tlog
F:\WINAPI1-\BUTTON\transparentButton\p21\Debug\link.1408.read.1.tlog
F:\WINAPI1-\BUTTON\transparentButton\p21\Debug\link.1408.write.1.tlog
F:\WINAPI1-\BUTTON\transparentButton\p21\Debug\link.1408-cvtres.read.1.tlog
F:\WINAPI1-\BUTTON\transparentButton\p21\Debug\link.1408-cvtres.write.1.tlog
F:\WINAPI1-\BUTTON\transparentButton\p21\Debug\link.2116.read.1.tlog
F:\WINAPI1-\BUTTON\transparentButton\p21\Debug\link.2116.write.1.tlog
F:\WINAPI1-\BUTTON\transparentButton\p21\Debug\link.2116-cvtres.read.1.tlog
F:\WINAPI1-\BUTTON\transparentButton\p21\Debug\link.2116-cvtres.write.1.tlog
F:\WINAPI1-\BUTTON\transparentButton\p21\Debug\link.command.1.tlog
F:\WINAPI1-\BUTTON\transparentButton\p21\Debug\link.read.1.tlog
F:\WINAPI1-\BUTTON\transparentButton\p21\Debug\link.write.1.tlog
F:\WINAPI1-\BUTTON\transparentButton\p21\Debug\link-cvtres.read.1.tlog
F:\WINAPI1-\BUTTON\transparentButton\p21\Debug\link-cvtres.write.1.tlog
F:\WINAPI1-\BUTTON\transparentButton\p21\Debug\mt.command.1.tlog
F:\WINAPI1-\BUTTON\transparentButton\p21\Debug\mt.read.1.tlog
F:\WINAPI1-\BUTTON\transparentButton\p21\Debug\mt.write.1.tlog
F:\WINAPI1-\BUTTON\TRANSPARENTBUTTON\P21\DEBUG\P21.EXE
F:\WINAPI1-\BUTTON\TRANSPARENTBUTTON\P21\DEBUG\P21.EXE.EMBED.MANIFEST
F:\WINAPI1-\BUTTON\TRANSPARENTBUTTON\P21\DEBUG\P21.EXE.EMBED.MANIFEST.RES
F:\WINAPI1-\BUTTON\TRANSPARENTBUTTON\P21\DEBUG\P21.EXE.INTERMEDIATE.MANIFEST
F:\WINAPI1-\BUTTON\TRANSPARENTBUTTON\P21\DEBUG\P21.ILK
F:\WINAPI1-\BUTTON\TRANSPARENTBUTTON\P21\DEBUG\P21.OBJ
F:\WINAPI1-\BUTTON\TRANSPARENTBUTTON\P21\DEBUG\P21.PDB
F:\WINAPI1-\BUTTON\transparentButton\p21\Debug\p21.write.1.tlog
F:\WINAPI1-\BUTTON\transparentButton\p21\Debug\p21_manifest.rc
F:\WINAPI1-\BUTTON\transparentButton\p21\Debug\rc.command.1.tlog
F:\WINAPI1-\BUTTON\transparentButton\p21\Debug\rc.read.1.tlog
F:\WINAPI1-\BUTTON\transparentButton\p21\Debug\rc.write.1.tlog
F:\WINAPI1-\BUTTON\transparentButton\p21\Debug\vc100.idb
F:\WINAPI1-\BUTTON\TRANSPARENTBUTTON\P21\DEBUG\VC100.PDB
