Build started 9/4/2018 1:34:52 PM.
     1>Project "C:\Users\vaxoa\OneDrive\Documents\GitHub\WINAPI\edit 2\edit 2\edit 2.vcxproj" on node 2 (build target(s)).
     1>InitializeBuildStatus:
         Creating "Debug\edit 2.unsuccessfulbuild" because "AlwaysCreate" was specified.
       ClCompile:
         All outputs are up-to-date.
         F:\New Folder (1)\VC\bin\CL.exe /c /ZI /nologo /W3 /WX- /Od /Oy- /D WIN32 /D _DEBUG /D _CONSOLE /D _MBCS /Gm /EHsc /RTC1 /MDd /GS /fp:precise /Zc:wchar_t /Zc:forScope /Yu"StdAfx.h" /Fp"Debug\edit 2.pch" /Fo"Debug\\" /Fd"Debug\vc100.pdb" /Gd /TP /analyze- /errorReport:prompt "edit 2.cpp"
         edit 2.cpp
       ManifestResourceCompile:
         All outputs are up-to-date.
       Link:
         F:\New Folder (1)\VC\bin\link.exe /ERRORREPORT:PROMPT /OUT:"C:\Users\vaxoa\OneDrive\Documents\GitHub\WINAPI\edit 2\Debug\edit 2.exe" /INCREMENTAL /NOLOGO kernel32.lib user32.lib gdi32.lib winspool.lib comdlg32.lib advapi32.lib shell32.lib ole32.lib oleaut32.lib uuid.lib odbc32.lib odbccp32.lib /MANIFEST /ManifestFile:"Debug\edit 2.exe.intermediate.manifest" /MANIFESTUAC:"level='asInvoker' uiAccess='false'" /DEBUG /PDB:"C:\Users\vaxoa\OneDrive\Documents\GitHub\WINAPI\edit 2\Debug\edit 2.pdb" /SUBSYSTEM:CONSOLE /TLBID:1 /DYNAMICBASE /NXCOMPAT /IMPLIB:"C:\Users\vaxoa\OneDrive\Documents\GitHub\WINAPI\edit 2\Debug\edit 2.lib" /MACHINE:X86 "Debug\edit 2.exe.embed.manifest.res"
         "Debug\edit 2.obj"
         Debug\stdafx.obj
       Manifest:
         C:\Program Files (x86)\Microsoft SDKs\Windows\v7.0A\bin\mt.exe /nologo /verbose /out:"Debug\edit 2.exe.embed.manifest" /manifest "Debug\edit 2.exe.intermediate.manifest"
         All outputs are up-to-date.
       LinkEmbedManifest:
         All outputs are up-to-date.
         edit 2.vcxproj -> C:\Users\vaxoa\OneDrive\Documents\GitHub\WINAPI\edit 2\Debug\edit 2.exe
       FinalizeBuildStatus:
         Deleting file "Debug\edit 2.unsuccessfulbuild".
         Touching "Debug\edit 2.lastbuildstate".
     1>Done Building Project "C:\Users\vaxoa\OneDrive\Documents\GitHub\WINAPI\edit 2\edit 2\edit 2.vcxproj" (build target(s)).

Build succeeded.

Time Elapsed 00:00:00.87
