Build started 8/22/2018 12:26:20 PM.
     1>Project "C:\Users\vaxoa\OneDrive\Documents\GitHub\WINAPI\GetPixel\P25\main.vcxproj" on node 2 (build target(s)).
     1>InitializeBuildStatus:
         Creating ".\Debug\main.unsuccessfulbuild" because "AlwaysCreate" was specified.
       ClCompile:
         F:\New Folder (1)\VC\bin\CL.exe /c /ZI /nologo /W3 /WX- /Od /Oy- /D WIN32 /D _DEBUG /D _WINDOWS /D _VC80_UPGRADE=0x0600 /D _MBCS /Gm /EHsc /RTC1 /MTd /GS /Gy- /fp:precise /Zc:wchar_t /Zc:forScope /Fo".\Debug\\" /Fd".\Debug\vc100.pdb" /FR".\Debug\\" /Gd /TP /analyze- /errorReport:prompt main.cpp
         main.cpp
     1>c:\users\vaxoa\onedrive\documents\github\winapi\getpixel\p25\functions.cpp(17): warning C4996: 'sprintf': This function or variable may be unsafe. Consider using sprintf_s instead. To disable deprecation, use _CRT_SECURE_NO_WARNINGS. See online help for details.
                 f:\new folder (1)\vc\include\stdio.h(371) : see declaration of 'sprintf'
     1>c:\users\vaxoa\onedrive\documents\github\winapi\getpixel\p25\functions.cpp(27): warning C4996: 'sprintf': This function or variable may be unsafe. Consider using sprintf_s instead. To disable deprecation, use _CRT_SECURE_NO_WARNINGS. See online help for details.
                 f:\new folder (1)\vc\include\stdio.h(371) : see declaration of 'sprintf'
     1>c:\users\vaxoa\onedrive\documents\github\winapi\getpixel\p25\functions.cpp(34): warning C4996: 'sprintf': This function or variable may be unsafe. Consider using sprintf_s instead. To disable deprecation, use _CRT_SECURE_NO_WARNINGS. See online help for details.
                 f:\new folder (1)\vc\include\stdio.h(371) : see declaration of 'sprintf'
     1>c:\users\vaxoa\onedrive\documents\github\winapi\getpixel\p25\functions.cpp(3): warning C4101: 'r' : unreferenced local variable
     1>c:\users\vaxoa\onedrive\documents\github\winapi\getpixel\p25\functions.cpp(58): warning C4101: 'H' : unreferenced local variable
     1>c:\users\vaxoa\onedrive\documents\github\winapi\getpixel\p25\functions.cpp(58): warning C4101: 'Y' : unreferenced local variable
     1>c:\users\vaxoa\onedrive\documents\github\winapi\getpixel\p25\mouse_msg.cpp(18): warning C4996: 'sprintf': This function or variable may be unsafe. Consider using sprintf_s instead. To disable deprecation, use _CRT_SECURE_NO_WARNINGS. See online help for details.
                 f:\new folder (1)\vc\include\stdio.h(371) : see declaration of 'sprintf'
     1>c:\users\vaxoa\onedrive\documents\github\winapi\getpixel\p25\cmd_msg.cpp(57): warning C4996: 'sprintf': This function or variable may be unsafe. Consider using sprintf_s instead. To disable deprecation, use _CRT_SECURE_NO_WARNINGS. See online help for details.
                 f:\new folder (1)\vc\include\stdio.h(371) : see declaration of 'sprintf'
     1>c:\users\vaxoa\onedrive\documents\github\winapi\getpixel\p25\main.cpp(33): warning C4101: 'hPen' : unreferenced local variable
     1>c:\users\vaxoa\onedrive\documents\github\winapi\getpixel\p25\main.cpp(35): warning C4101: 't' : unreferenced local variable
       ManifestResourceCompile:
         All outputs are up-to-date.
       Link:
         F:\New Folder (1)\VC\bin\link.exe /ERRORREPORT:PROMPT /OUT:".\Debug\main.exe" /INCREMENTAL /NOLOGO odbc32.lib odbccp32.lib kernel32.lib user32.lib gdi32.lib winspool.lib comdlg32.lib advapi32.lib shell32.lib ole32.lib oleaut32.lib uuid.lib odbc32.lib odbccp32.lib /MANIFEST /ManifestFile:".\Debug\main.exe.intermediate.manifest" /MANIFESTUAC:"level='asInvoker' uiAccess='false'" /DEBUG /PDB:"C:\Users\vaxoa\OneDrive\Documents\GitHub\WINAPI\GetPixel\P25\Debug\main.pdb" /SUBSYSTEM:WINDOWS /TLBID:1 /DYNAMICBASE /NXCOMPAT /IMPLIB:".\Debug\main.lib" /MACHINE:X86 .\Debug\main.exe.embed.manifest.res
         .\Debug\diagramcolor.obj
         .\Debug\main.obj
         .\Debug\ThreadFunc.obj
       Manifest:
         C:\Program Files (x86)\Microsoft SDKs\Windows\v7.0A\bin\mt.exe /nologo /verbose /out:".\Debug\main.exe.embed.manifest" /manifest .\Debug\main.exe.intermediate.manifest
         All outputs are up-to-date.
       LinkEmbedManifest:
         All outputs are up-to-date.
         main.vcxproj -> C:\Users\vaxoa\OneDrive\Documents\GitHub\WINAPI\GetPixel\P25\.\Debug\main.exe
       BscMake:
         F:\New Folder (1)\VC\bin\bscmake.exe /nologo /o".\Debug\main.bsc" .\Debug\diagramcolor.sbr .\Debug\main.sbr .\Debug\ThreadFunc.sbr
       FinalizeBuildStatus:
         Deleting file ".\Debug\main.unsuccessfulbuild".
         Touching ".\Debug\main.lastbuildstate".
     1>Done Building Project "C:\Users\vaxoa\OneDrive\Documents\GitHub\WINAPI\GetPixel\P25\main.vcxproj" (build target(s)).

Build succeeded.

Time Elapsed 00:00:04.03
