Build started 10/25/2018 11:41:10 AM.
     1>Project "F:\WINAPI1-\PlayVideo\PlayVideo\PlayVideo.vcxproj" on node 2 (build target(s)).
     1>InitializeBuildStatus:
         Touching "Debug\PlayVideo.unsuccessfulbuild".
       ClCompile:
         F:\New Folder (1)\VC\bin\CL.exe /c /ZI /nologo /W3 /WX- /Od /Oy- /D WIN32 /D _DEBUG /D _CONSOLE /D _UNICODE /D UNICODE /Gm /EHsc /RTC1 /MDd /GS /fp:precise /Zc:wchar_t /Zc:forScope /Fo"Debug\\" /Fd"Debug\vc100.pdb" /Gd /TP /analyze- /errorReport:prompt main.cpp
         main.cpp
       ManifestResourceCompile:
         C:\Program Files (x86)\Microsoft SDKs\Windows\v7.0A\bin\rc.exe /nologo /fo"Debug\PlayVideo.exe.embed.manifest.res" Debug\PlayVideo_manifest.rc 
       Link:
         F:\New Folder (1)\VC\bin\link.exe /ERRORREPORT:PROMPT /OUT:"F:\WINAPI1-\PlayVideo\Debug\PlayVideo.exe" /INCREMENTAL /NOLOGO kernel32.lib user32.lib gdi32.lib winspool.lib comdlg32.lib advapi32.lib shell32.lib ole32.lib oleaut32.lib uuid.lib odbc32.lib odbccp32.lib /MANIFEST /ManifestFile:"Debug\PlayVideo.exe.intermediate.manifest" /MANIFESTUAC:"level='asInvoker' uiAccess='false'" /DEBUG /PDB:"F:\WINAPI1-\PlayVideo\Debug\PlayVideo.pdb" /SUBSYSTEM:CONSOLE /TLBID:1 /DYNAMICBASE /NXCOMPAT /IMPLIB:"F:\WINAPI1-\PlayVideo\Debug\PlayVideo.lib" /MACHINE:X86 Debug\PlayVideo.exe.embed.manifest.res
         Debug\main.obj
     1>main.obj : error LNK2001: unresolved external symbol _IID_IMediaEvent
     1>main.obj : error LNK2001: unresolved external symbol _IID_IMediaControl
     1>main.obj : error LNK2001: unresolved external symbol _CLSID_FilterGraph
     1>main.obj : error LNK2001: unresolved external symbol _IID_IGraphBuilder
     1>F:\WINAPI1-\PlayVideo\Debug\PlayVideo.exe : fatal error LNK1120: 4 unresolved externals
     1>Done Building Project "F:\WINAPI1-\PlayVideo\PlayVideo\PlayVideo.vcxproj" (build target(s)) -- FAILED.

Build FAILED.

Time Elapsed 00:00:03.20
