Build started 10/15/2018 12:31:07 PM.
     1>Project "F:\WINAPI-F\Button Color\colorbutton1\colorbutton1\colorbutton1.vcxproj" on node 2 (build target(s)).
     1>PrepareForBuild:
         Creating directory "F:\WINAPI-F\Button Color\colorbutton1\Debug\".
       InitializeBuildStatus:
         Creating "Debug\colorbutton1.unsuccessfulbuild" because "AlwaysCreate" was specified.
       ClCompile:
         F:\New Folder (1)\VC\bin\CL.exe /c /ZI /nologo /W3 /WX- /Od /Oy- /D WIN32 /D _DEBUG /D _WINDOWS /D _UNICODE /D UNICODE /Gm /EHsc /RTC1 /MDd /GS /fp:precise /Zc:wchar_t /Zc:forScope /Fo"Debug\\" /Fd"Debug\vc100.pdb" /Gd /TP /analyze- /errorReport:prompt main.cpp
         main.cpp
       ManifestResourceCompile:
         C:\Program Files (x86)\Microsoft SDKs\Windows\v7.0A\bin\rc.exe /nologo /fo"Debug\colorbutton1.exe.embed.manifest.res" Debug\colorbutton1_manifest.rc 
       Link:
         F:\New Folder (1)\VC\bin\link.exe /ERRORREPORT:PROMPT /OUT:"F:\WINAPI-F\Button Color\colorbutton1\Debug\colorbutton1.exe" /INCREMENTAL /NOLOGO kernel32.lib user32.lib gdi32.lib winspool.lib comdlg32.lib advapi32.lib shell32.lib ole32.lib oleaut32.lib uuid.lib odbc32.lib odbccp32.lib /MANIFEST /ManifestFile:"Debug\colorbutton1.exe.intermediate.manifest" /MANIFESTUAC:"level='asInvoker' uiAccess='false'" /DEBUG /PDB:"F:\WINAPI-F\Button Color\colorbutton1\Debug\colorbutton1.pdb" /SUBSYSTEM:WINDOWS /TLBID:1 /DYNAMICBASE /NXCOMPAT /IMPLIB:"F:\WINAPI-F\Button Color\colorbutton1\Debug\colorbutton1.lib" /MACHINE:X86 Debug\colorbutton1.exe.embed.manifest.res
         Debug\main.obj
       Manifest:
         C:\Program Files (x86)\Microsoft SDKs\Windows\v7.0A\bin\mt.exe /nologo /verbose /out:"Debug\colorbutton1.exe.embed.manifest" /manifest Debug\colorbutton1.exe.intermediate.manifest
         C:\Program Files (x86)\Microsoft SDKs\Windows\v7.0A\bin\rc.exe /nologo /fo"Debug\colorbutton1.exe.embed.manifest.res" Debug\colorbutton1_manifest.rc 
       LinkEmbedManifest:
         F:\New Folder (1)\VC\bin\link.exe /ERRORREPORT:PROMPT /OUT:"F:\WINAPI-F\Button Color\colorbutton1\Debug\colorbutton1.exe" /INCREMENTAL /NOLOGO kernel32.lib user32.lib gdi32.lib winspool.lib comdlg32.lib advapi32.lib shell32.lib ole32.lib oleaut32.lib uuid.lib odbc32.lib odbccp32.lib /MANIFEST /ManifestFile:"Debug\colorbutton1.exe.intermediate.manifest" /MANIFESTUAC:"level='asInvoker' uiAccess='false'" /DEBUG /PDB:"F:\WINAPI-F\Button Color\colorbutton1\Debug\colorbutton1.pdb" /SUBSYSTEM:WINDOWS /TLBID:1 /DYNAMICBASE /NXCOMPAT /IMPLIB:"F:\WINAPI-F\Button Color\colorbutton1\Debug\colorbutton1.lib" /MACHINE:X86 Debug\colorbutton1.exe.embed.manifest.res
         Debug\main.obj
         colorbutton1.vcxproj -> F:\WINAPI-F\Button Color\colorbutton1\Debug\colorbutton1.exe
       FinalizeBuildStatus:
         Deleting file "Debug\colorbutton1.unsuccessfulbuild".
         Touching "Debug\colorbutton1.lastbuildstate".
     1>Done Building Project "F:\WINAPI-F\Button Color\colorbutton1\colorbutton1\colorbutton1.vcxproj" (build target(s)).

Build succeeded.

Time Elapsed 00:00:04.58
