.\Debug\p21.ilk
.\Debug\p21.pdb
F:\grafikebi\p21\.\Debug\p21.exe
F:\grafikebi\p21\.\Debug\p21.exe.intermediate.manifest
F:\GRAFIKEBI\P21\DEBUG\CIRCLE.OBJ
F:\grafikebi\p21\Debug\cl.command.1.tlog
F:\grafikebi\p21\Debug\CL.read.1.tlog
F:\grafikebi\p21\Debug\CL.write.1.tlog
F:\grafikebi\p21\Debug\link.6156.read.1.tlog
F:\grafikebi\p21\Debug\link.6156.write.1.tlog
F:\grafikebi\p21\Debug\link.6156-cvtres.read.1.tlog
F:\grafikebi\p21\Debug\link.6156-cvtres.write.1.tlog
F:\grafikebi\p21\Debug\link.command.1.tlog
F:\grafikebi\p21\Debug\link.read.1.tlog
F:\grafikebi\p21\Debug\link.write.1.tlog
F:\grafikebi\p21\Debug\link-cvtres.read.1.tlog
F:\grafikebi\p21\Debug\link-cvtres.write.1.tlog
F:\grafikebi\p21\Debug\mt.command.1.tlog
F:\grafikebi\p21\Debug\mt.read.1.tlog
F:\grafikebi\p21\Debug\mt.write.1.tlog
F:\GRAFIKEBI\P21\DEBUG\P21.EXE
F:\GRAFIKEBI\P21\DEBUG\P21.EXE.EMBED.MANIFEST
F:\GRAFIKEBI\P21\DEBUG\P21.EXE.EMBED.MANIFEST.RES
F:\GRAFIKEBI\P21\DEBUG\P21.EXE.INTERMEDIATE.MANIFEST
F:\GRAFIKEBI\P21\DEBUG\P21.ILK
F:\GRAFIKEBI\P21\DEBUG\P21.OBJ
F:\GRAFIKEBI\P21\DEBUG\P21.PDB
F:\grafikebi\p21\Debug\p21.vcxprojResolveAssemblyReference.cache
F:\grafikebi\p21\Debug\p21.write.1.tlog
F:\grafikebi\p21\Debug\p21_manifest.rc
F:\grafikebi\p21\Debug\rc.command.1.tlog
F:\grafikebi\p21\Debug\rc.read.1.tlog
F:\grafikebi\p21\Debug\rc.write.1.tlog
F:\GRAFIKEBI\P21\DEBUG\SSSD.OBJ
F:\grafikebi\p21\Debug\vc100.idb
F:\GRAFIKEBI\P21\DEBUG\VC100.PDB
