Build started 10/10/2018 8:19:10 AM.
     1>Project "F:\WINAPI-F\MFC11\MFC11\MFC11.vcxproj" on node 2 (build target(s)).
     1>PrepareForBuild:
         Creating directory "F:\WINAPI-F\MFC11\Debug\".
       InitializeBuildStatus:
         Creating "Debug\MFC11.unsuccessfulbuild" because "AlwaysCreate" was specified.
       ClCompile:
         F:\New Folder (1)\VC\bin\CL.exe /c /ZI /nologo /W3 /WX- /Od /Oy- /D WIN32 /D _WINDOWS /D _DEBUG /D _UNICODE /D UNICODE /D _AFXDLL /Gm /EHsc /RTC1 /MDd /GS /fp:precise /Zc:wchar_t /Zc:forScope /Yc"StdAfx.h" /Fp"Debug\MFC11.pch" /Fo"Debug\\" /Fd"Debug\vc100.pdb" /Gd /TP /analyze- /errorReport:prompt stdafx.cpp
         stdafx.cpp
         F:\New Folder (1)\VC\bin\CL.exe /c /ZI /nologo /W3 /WX- /Od /Oy- /D WIN32 /D _WINDOWS /D _DEBUG /D _UNICODE /D UNICODE /D _AFXDLL /Gm /EHsc /RTC1 /MDd /GS /fp:precise /Zc:wchar_t /Zc:forScope /Yu"StdAfx.h" /Fp"Debug\MFC11.pch" /Fo"Debug\\" /Fd"Debug\vc100.pdb" /Gd /TP /analyze- /errorReport:prompt ChildFrm.cpp MainFrm.cpp MFC11.cpp MFC11Doc.cpp MFC11View.cpp
         MFC11View.cpp
         MFC11Doc.cpp
         MFC11.cpp
         MainFrm.cpp
         ChildFrm.cpp
         Generating Code...
       ResourceCompile:
         C:\Program Files (x86)\Microsoft SDKs\Windows\v7.0A\bin\rc.exe /D _DEBUG /D _UNICODE /D UNICODE /D _AFXDLL /l"0x0409" /IDebug\ /nologo /fo"Debug\MFC11.res" MFC11.rc 
       ManifestResourceCompile:
         C:\Program Files (x86)\Microsoft SDKs\Windows\v7.0A\bin\rc.exe /nologo /fo"Debug\MFC11.exe.embed.manifest.res" Debug\MFC11_manifest.rc 
       Link:
         F:\New Folder (1)\VC\bin\link.exe /ERRORREPORT:PROMPT /OUT:"F:\WINAPI-F\MFC11\Debug\MFC11.exe" /INCREMENTAL /NOLOGO /MANIFEST /ManifestFile:"Debug\MFC11.exe.intermediate.manifest" /MANIFESTUAC:"level='asInvoker' uiAccess='false'" /DEBUG /PDB:"F:\WINAPI-F\MFC11\Debug\MFC11.pdb" /SUBSYSTEM:WINDOWS /TLBID:1 /ENTRY:"wWinMainCRTStartup" /DYNAMICBASE /NXCOMPAT /IMPLIB:"F:\WINAPI-F\MFC11\Debug\MFC11.lib" /MACHINE:X86 Debug\MFC11.res
         Debug\MFC11.exe.embed.manifest.res
         Debug\ChildFrm.obj
         Debug\MainFrm.obj
         Debug\MFC11.obj
         Debug\MFC11Doc.obj
         Debug\MFC11View.obj
         Debug\stdafx.obj
       Manifest:
         C:\Program Files (x86)\Microsoft SDKs\Windows\v7.0A\bin\mt.exe /nologo /verbose /out:"Debug\MFC11.exe.embed.manifest" /manifest Debug\MFC11.exe.intermediate.manifest "F:\New Folder (1)\VC\Include\Manifest\dpiaware.manifest"
         C:\Program Files (x86)\Microsoft SDKs\Windows\v7.0A\bin\rc.exe /nologo /fo"Debug\MFC11.exe.embed.manifest.res" Debug\MFC11_manifest.rc 
       LinkEmbedManifest:
         F:\New Folder (1)\VC\bin\link.exe /ERRORREPORT:PROMPT /OUT:"F:\WINAPI-F\MFC11\Debug\MFC11.exe" /INCREMENTAL /NOLOGO /MANIFEST /ManifestFile:"Debug\MFC11.exe.intermediate.manifest" /MANIFESTUAC:"level='asInvoker' uiAccess='false'" /DEBUG /PDB:"F:\WINAPI-F\MFC11\Debug\MFC11.pdb" /SUBSYSTEM:WINDOWS /TLBID:1 /ENTRY:"wWinMainCRTStartup" /DYNAMICBASE /NXCOMPAT /IMPLIB:"F:\WINAPI-F\MFC11\Debug\MFC11.lib" /MACHINE:X86 Debug\MFC11.res
         Debug\MFC11.exe.embed.manifest.res
         Debug\ChildFrm.obj
         Debug\MainFrm.obj
         Debug\MFC11.obj
         Debug\MFC11Doc.obj
         Debug\MFC11View.obj
         Debug\stdafx.obj
         MFC11.vcxproj -> F:\WINAPI-F\MFC11\Debug\MFC11.exe
       FinalizeBuildStatus:
         Deleting file "Debug\MFC11.unsuccessfulbuild".
         Touching "Debug\MFC11.lastbuildstate".
     1>Done Building Project "F:\WINAPI-F\MFC11\MFC11\MFC11.vcxproj" (build target(s)).

Build succeeded.

Time Elapsed 00:00:13.95
