.\Debug\p21.ilk
.\Debug\p21.pdb
C:\USERS\VAXOA\ONEDRIVE\DOCUMENTS\GITHUB\WINAPI\LISTVIEW--TREE VIEW\DEBUG\LIST_TREE_VIEW.OBJ
C:\USERS\VAXOA\ONEDRIVE\DOCUMENTS\GITHUB\WINAPI\LISTVIEW--TREE VIEW\DEBUG\P21.EXE
C:\USERS\VAXOA\ONEDRIVE\DOCUMENTS\GITHUB\WINAPI\LISTVIEW--TREE VIEW\DEBUG\P21.EXE.EMBED.MANIFEST
C:\USERS\VAXOA\ONEDRIVE\DOCUMENTS\GITHUB\WINAPI\LISTVIEW--TREE VIEW\DEBUG\P21.EXE.EMBED.MANIFEST.RES
C:\USERS\VAXOA\ONEDRIVE\DOCUMENTS\GITHUB\WINAPI\LISTVIEW--TREE VIEW\DEBUG\P21.EXE.INTERMEDIATE.MANIFEST
C:\USERS\VAXOA\ONEDRIVE\DOCUMENTS\GITHUB\WINAPI\LISTVIEW--TREE VIEW\DEBUG\P21.ILK
C:\USERS\VAXOA\ONEDRIVE\DOCUMENTS\GITHUB\WINAPI\LISTVIEW--TREE VIEW\DEBUG\P21.OBJ
C:\USERS\VAXOA\ONEDRIVE\DOCUMENTS\GITHUB\WINAPI\LISTVIEW--TREE VIEW\DEBUG\P21.PDB
C:\USERS\VAXOA\ONEDRIVE\DOCUMENTS\GITHUB\WINAPI\LISTVIEW--TREE VIEW\DEBUG\VC100.PDB
C:\USERS\VAXOA\ONEDRIVE\DOCUMENTS\GITHUB\WINAPI\TREE VIEW\DEBUG\LIST_TREE_VIEW.OBJ
C:\USERS\VAXOA\ONEDRIVE\DOCUMENTS\GITHUB\WINAPI\TREE VIEW\DEBUG\P21.EXE
C:\USERS\VAXOA\ONEDRIVE\DOCUMENTS\GITHUB\WINAPI\TREE VIEW\DEBUG\P21.EXE.EMBED.MANIFEST.RES
C:\USERS\VAXOA\ONEDRIVE\DOCUMENTS\GITHUB\WINAPI\TREE VIEW\DEBUG\P21.EXE.INTERMEDIATE.MANIFEST
C:\USERS\VAXOA\ONEDRIVE\DOCUMENTS\GITHUB\WINAPI\TREE VIEW\DEBUG\P21.ILK
C:\USERS\VAXOA\ONEDRIVE\DOCUMENTS\GITHUB\WINAPI\TREE VIEW\DEBUG\P21.OBJ
C:\USERS\VAXOA\ONEDRIVE\DOCUMENTS\GITHUB\WINAPI\TREE VIEW\DEBUG\P21.PDB
C:\USERS\VAXOA\ONEDRIVE\DOCUMENTS\GITHUB\WINAPI\TREE VIEW\DEBUG\VC100.PDB
F:\WINAPI\TREE VIEW\DEBUG\LIST_TREE_VIEW.OBJ
F:\WINAPI\TREE VIEW\DEBUG\P21.EXE
F:\WINAPI\TREE VIEW\DEBUG\P21.EXE.EMBED.MANIFEST.RES
F:\WINAPI\TREE VIEW\DEBUG\P21.EXE.INTERMEDIATE.MANIFEST
F:\WINAPI\TREE VIEW\DEBUG\P21.ILK
F:\WINAPI\TREE VIEW\DEBUG\P21.OBJ
F:\WINAPI\TREE VIEW\DEBUG\P21.PDB
F:\WINAPI\TREE VIEW\DEBUG\VC100.PDB
F:\WINAPI1-\keyLog\.\Debug\p21.exe
F:\WINAPI1-\keyLog\.\Debug\p21.exe.intermediate.manifest
F:\WINAPI1-\keyLog\Debug\cl.command.1.tlog
F:\WINAPI1-\keyLog\Debug\CL.read.1.tlog
F:\WINAPI1-\keyLog\Debug\CL.write.1.tlog
F:\WINAPI1-\keyLog\Debug\link.10224.read.1.tlog
F:\WINAPI1-\keyLog\Debug\link.10224.write.1.tlog
F:\WINAPI1-\keyLog\Debug\link.10224-cvtres.read.1.tlog
F:\WINAPI1-\keyLog\Debug\link.10224-cvtres.write.1.tlog
F:\WINAPI1-\keyLog\Debug\link.1140.read.1.tlog
F:\WINAPI1-\keyLog\Debug\link.1140.write.1.tlog
F:\WINAPI1-\keyLog\Debug\link.1140-cvtres.read.1.tlog
F:\WINAPI1-\keyLog\Debug\link.1140-cvtres.write.1.tlog
F:\WINAPI1-\keyLog\Debug\link.5920.read.1.tlog
F:\WINAPI1-\keyLog\Debug\link.5920.write.1.tlog
F:\WINAPI1-\keyLog\Debug\link.5920-cvtres.read.1.tlog
F:\WINAPI1-\keyLog\Debug\link.5920-cvtres.write.1.tlog
F:\WINAPI1-\keyLog\Debug\link.6180.read.1.tlog
F:\WINAPI1-\keyLog\Debug\link.6180.write.1.tlog
F:\WINAPI1-\keyLog\Debug\link.6180-cvtres.read.1.tlog
F:\WINAPI1-\keyLog\Debug\link.6180-cvtres.write.1.tlog
F:\WINAPI1-\keyLog\Debug\link.7192.read.1.tlog
F:\WINAPI1-\keyLog\Debug\link.7192.write.1.tlog
F:\WINAPI1-\keyLog\Debug\link.7192-cvtres.read.1.tlog
F:\WINAPI1-\keyLog\Debug\link.7192-cvtres.write.1.tlog
F:\WINAPI1-\keyLog\Debug\link.9068.read.1.tlog
F:\WINAPI1-\keyLog\Debug\link.9068.write.1.tlog
F:\WINAPI1-\keyLog\Debug\link.9068-cvtres.read.1.tlog
F:\WINAPI1-\keyLog\Debug\link.9068-cvtres.write.1.tlog
F:\WINAPI1-\keyLog\Debug\link.988.read.1.tlog
F:\WINAPI1-\keyLog\Debug\link.988.write.1.tlog
F:\WINAPI1-\keyLog\Debug\link.988-cvtres.read.1.tlog
F:\WINAPI1-\keyLog\Debug\link.988-cvtres.write.1.tlog
F:\WINAPI1-\keyLog\Debug\link.command.1.tlog
F:\WINAPI1-\keyLog\Debug\link.read.1.tlog
F:\WINAPI1-\keyLog\Debug\link.write.1.tlog
F:\WINAPI1-\keyLog\Debug\link-cvtres.read.1.tlog
F:\WINAPI1-\keyLog\Debug\link-cvtres.write.1.tlog
F:\WINAPI1-\KEYLOG\DEBUG\LIST_TREE_VIEW.OBJ
F:\WINAPI1-\keyLog\Debug\mt.command.1.tlog
F:\WINAPI1-\keyLog\Debug\mt.read.1.tlog
F:\WINAPI1-\keyLog\Debug\mt.write.1.tlog
F:\WINAPI1-\KEYLOG\DEBUG\P21.EXE
F:\WINAPI1-\keyLog\Debug\p21.exe.embed.manifest
F:\WINAPI1-\KEYLOG\DEBUG\P21.EXE.EMBED.MANIFEST.RES
F:\WINAPI1-\KEYLOG\DEBUG\P21.EXE.INTERMEDIATE.MANIFEST
F:\WINAPI1-\KEYLOG\DEBUG\P21.ILK
F:\WINAPI1-\KEYLOG\DEBUG\P21.OBJ
F:\WINAPI1-\KEYLOG\DEBUG\P21.PDB
F:\WINAPI1-\keyLog\Debug\p21.vcxprojResolveAssemblyReference.cache
F:\WINAPI1-\keyLog\Debug\p21.write.1.tlog
F:\WINAPI1-\keyLog\Debug\p21_manifest.rc
F:\WINAPI1-\keyLog\Debug\rc.command.1.tlog
F:\WINAPI1-\keyLog\Debug\rc.read.1.tlog
F:\WINAPI1-\keyLog\Debug\rc.write.1.tlog
F:\WINAPI1-\keyLog\Debug\vc100.idb
F:\WINAPI1-\KEYLOG\DEBUG\VC100.PDB
F:\WINAPI1-\TREE VIEW\DEBUG\LIST_TREE_VIEW.OBJ
F:\WINAPI1-\TREE VIEW\DEBUG\P21.EXE
F:\WINAPI1-\TREE VIEW\DEBUG\P21.EXE.EMBED.MANIFEST.RES
F:\WINAPI1-\TREE VIEW\DEBUG\P21.EXE.INTERMEDIATE.MANIFEST
F:\WINAPI1-\TREE VIEW\DEBUG\P21.ILK
F:\WINAPI1-\TREE VIEW\DEBUG\P21.OBJ
F:\WINAPI1-\TREE VIEW\DEBUG\P21.PDB
F:\WINAPI1-\TREE VIEW\DEBUG\VC100.PDB
F:\WINAPI-F\TREE VIEW\DEBUG\LIST_TREE_VIEW.OBJ
F:\WINAPI-F\TREE VIEW\DEBUG\P21.EXE
F:\WINAPI-F\TREE VIEW\DEBUG\P21.EXE.EMBED.MANIFEST.RES
F:\WINAPI-F\TREE VIEW\DEBUG\P21.EXE.INTERMEDIATE.MANIFEST
F:\WINAPI-F\TREE VIEW\DEBUG\P21.ILK
F:\WINAPI-F\TREE VIEW\DEBUG\P21.OBJ
F:\WINAPI-F\TREE VIEW\DEBUG\P21.PDB
F:\WINAPI-F\TREE VIEW\DEBUG\VC100.PDB
