Build started 10/19/2018 7:14:45 AM.
     1>Project "F:\WINAPI1-\(NEXT EDIT WITH TAB)_SendDlgItemMessage\SendDlgItemMessage\SendDlgItemMessage.vcxproj" on node 2 (build target(s)).
     1>InitializeBuildStatus:
         Creating "Debug\SendDlgItemMessage.unsuccessfulbuild" because "AlwaysCreate" was specified.
       ClCompile:
         F:\New Folder (1)\VC\bin\CL.exe /c /ZI /nologo /W3 /WX- /Od /Oy- /D WIN32 /D _DEBUG /D _WINDOWS /D _UNICODE /D UNICODE /Gm /EHsc /RTC1 /MDd /GS /fp:precise /Zc:wchar_t /Zc:forScope /Fo"Debug\\" /Fd"Debug\vc100.pdb" /Gd /TP /analyze- /errorReport:prompt main.cpp
         main.cpp
       ManifestResourceCompile:
         C:\Program Files (x86)\Microsoft SDKs\Windows\v7.0A\bin\rc.exe /nologo /fo"Debug\SendDlgItemMessage.exe.embed.manifest.res" Debug\SendDlgItemMessage_manifest.rc 
       Link:
         F:\New Folder (1)\VC\bin\link.exe /ERRORREPORT:PROMPT /OUT:"F:\WINAPI1-\(NEXT EDIT WITH TAB)_SendDlgItemMessage\Debug\SendDlgItemMessage.exe" /INCREMENTAL /NOLOGO kernel32.lib user32.lib gdi32.lib winspool.lib comdlg32.lib advapi32.lib shell32.lib ole32.lib oleaut32.lib uuid.lib odbc32.lib odbccp32.lib /MANIFEST /ManifestFile:"Debug\SendDlgItemMessage.exe.intermediate.manifest" /MANIFESTUAC:"level='asInvoker' uiAccess='false'" /DEBUG /PDB:"F:\WINAPI1-\(NEXT EDIT WITH TAB)_SendDlgItemMessage\Debug\SendDlgItemMessage.pdb" /SUBSYSTEM:WINDOWS /TLBID:1 /DYNAMICBASE /NXCOMPAT /IMPLIB:"F:\WINAPI1-\(NEXT EDIT WITH TAB)_SendDlgItemMessage\Debug\SendDlgItemMessage.lib" /MACHINE:X86 Debug\SendDlgItemMessage.exe.embed.manifest.res
         Debug\main.obj
       Manifest:
         C:\Program Files (x86)\Microsoft SDKs\Windows\v7.0A\bin\mt.exe /nologo /verbose /out:"Debug\SendDlgItemMessage.exe.embed.manifest" /manifest Debug\SendDlgItemMessage.exe.intermediate.manifest
         All outputs are up-to-date.
       LinkEmbedManifest:
         All outputs are up-to-date.
         SendDlgItemMessage.vcxproj -> F:\WINAPI1-\(NEXT EDIT WITH TAB)_SendDlgItemMessage\Debug\SendDlgItemMessage.exe
       FinalizeBuildStatus:
         Deleting file "Debug\SendDlgItemMessage.unsuccessfulbuild".
         Touching "Debug\SendDlgItemMessage.lastbuildstate".
     1>Done Building Project "F:\WINAPI1-\(NEXT EDIT WITH TAB)_SendDlgItemMessage\SendDlgItemMessage\SendDlgItemMessage.vcxproj" (build target(s)).

Build succeeded.

Time Elapsed 00:00:03.74
