.\Debug\p21.ilk
.\Debug\p21.pdb
F:\WINAPI1-\ShutDown on desktop\.\Debug\p21.exe
F:\WINAPI1-\ShutDown on desktop\.\Debug\p21.exe.intermediate.manifest
F:\WINAPI1-\ShutDown on desktop\Debug\cl.command.1.tlog
F:\WINAPI1-\ShutDown on desktop\Debug\CL.read.1.tlog
F:\WINAPI1-\ShutDown on desktop\Debug\CL.write.1.tlog
F:\WINAPI1-\ShutDown on desktop\Debug\link.2696.read.1.tlog
F:\WINAPI1-\ShutDown on desktop\Debug\link.2696.write.1.tlog
F:\WINAPI1-\ShutDown on desktop\Debug\link.2696-cvtres.read.1.tlog
F:\WINAPI1-\ShutDown on desktop\Debug\link.2696-cvtres.write.1.tlog
F:\WINAPI1-\ShutDown on desktop\Debug\link.command.1.tlog
F:\WINAPI1-\ShutDown on desktop\Debug\link.read.1.tlog
F:\WINAPI1-\ShutDown on desktop\Debug\link.write.1.tlog
F:\WINAPI1-\ShutDown on desktop\Debug\link-cvtres.read.1.tlog
F:\WINAPI1-\ShutDown on desktop\Debug\link-cvtres.write.1.tlog
F:\WINAPI1-\ShutDown on desktop\Debug\mt.command.1.tlog
F:\WINAPI1-\ShutDown on desktop\Debug\mt.read.1.tlog
F:\WINAPI1-\ShutDown on desktop\Debug\mt.write.1.tlog
F:\WINAPI1-\SHUTDOWN ON DESKTOP\DEBUG\P21.EXE
F:\WINAPI1-\SHUTDOWN ON DESKTOP\DEBUG\P21.EXE.EMBED.MANIFEST
F:\WINAPI1-\SHUTDOWN ON DESKTOP\DEBUG\P21.EXE.EMBED.MANIFEST.RES
F:\WINAPI1-\SHUTDOWN ON DESKTOP\DEBUG\P21.EXE.INTERMEDIATE.MANIFEST
F:\WINAPI1-\SHUTDOWN ON DESKTOP\DEBUG\P21.ILK
F:\WINAPI1-\SHUTDOWN ON DESKTOP\DEBUG\P21.OBJ
F:\WINAPI1-\SHUTDOWN ON DESKTOP\DEBUG\P21.PDB
F:\WINAPI1-\ShutDown on desktop\Debug\p21.write.1.tlog
F:\WINAPI1-\ShutDown on desktop\Debug\p21_manifest.rc
F:\WINAPI1-\ShutDown on desktop\Debug\rc.command.1.tlog
F:\WINAPI1-\ShutDown on desktop\Debug\rc.read.1.tlog
F:\WINAPI1-\ShutDown on desktop\Debug\rc.write.1.tlog
F:\WINAPI1-\ShutDown on desktop\Debug\vc100.idb
F:\WINAPI1-\SHUTDOWN ON DESKTOP\DEBUG\VC100.PDB
