.\Debug\p21.ilk
.\Debug\p21.pdb
C:\Users\vaxoa\OneDrive\Documents\GitHub\WINAPI\toolbar\p21\.\Debug\p21.exe
C:\Users\vaxoa\OneDrive\Documents\GitHub\WINAPI\toolbar\p21\.\Debug\p21.exe.intermediate.manifest
C:\Users\vaxoa\OneDrive\Documents\GitHub\WINAPI\toolbar\p21\Debug\cl.command.1.tlog
C:\Users\vaxoa\OneDrive\Documents\GitHub\WINAPI\toolbar\p21\Debug\CL.read.1.tlog
C:\Users\vaxoa\OneDrive\Documents\GitHub\WINAPI\toolbar\p21\Debug\CL.write.1.tlog
C:\Users\vaxoa\OneDrive\Documents\GitHub\WINAPI\toolbar\p21\Debug\link.300.read.1.tlog
C:\Users\vaxoa\OneDrive\Documents\GitHub\WINAPI\toolbar\p21\Debug\link.300.write.1.tlog
C:\Users\vaxoa\OneDrive\Documents\GitHub\WINAPI\toolbar\p21\Debug\link.300-cvtres.read.1.tlog
C:\Users\vaxoa\OneDrive\Documents\GitHub\WINAPI\toolbar\p21\Debug\link.300-cvtres.write.1.tlog
C:\Users\vaxoa\OneDrive\Documents\GitHub\WINAPI\toolbar\p21\Debug\link.command.1.tlog
C:\Users\vaxoa\OneDrive\Documents\GitHub\WINAPI\toolbar\p21\Debug\link.read.1.tlog
C:\Users\vaxoa\OneDrive\Documents\GitHub\WINAPI\toolbar\p21\Debug\link.write.1.tlog
C:\Users\vaxoa\OneDrive\Documents\GitHub\WINAPI\toolbar\p21\Debug\link-cvtres.read.1.tlog
C:\Users\vaxoa\OneDrive\Documents\GitHub\WINAPI\toolbar\p21\Debug\link-cvtres.write.1.tlog
C:\Users\vaxoa\OneDrive\Documents\GitHub\WINAPI\toolbar\p21\Debug\mt.command.1.tlog
C:\Users\vaxoa\OneDrive\Documents\GitHub\WINAPI\toolbar\p21\Debug\mt.read.1.tlog
C:\Users\vaxoa\OneDrive\Documents\GitHub\WINAPI\toolbar\p21\Debug\mt.write.1.tlog
C:\USERS\VAXOA\ONEDRIVE\DOCUMENTS\GITHUB\WINAPI\TOOLBAR\P21\DEBUG\P21.EXE
C:\USERS\VAXOA\ONEDRIVE\DOCUMENTS\GITHUB\WINAPI\TOOLBAR\P21\DEBUG\P21.EXE.EMBED.MANIFEST
C:\USERS\VAXOA\ONEDRIVE\DOCUMENTS\GITHUB\WINAPI\TOOLBAR\P21\DEBUG\P21.EXE.EMBED.MANIFEST.RES
C:\USERS\VAXOA\ONEDRIVE\DOCUMENTS\GITHUB\WINAPI\TOOLBAR\P21\DEBUG\P21.EXE.INTERMEDIATE.MANIFEST
C:\USERS\VAXOA\ONEDRIVE\DOCUMENTS\GITHUB\WINAPI\TOOLBAR\P21\DEBUG\P21.ILK
C:\USERS\VAXOA\ONEDRIVE\DOCUMENTS\GITHUB\WINAPI\TOOLBAR\P21\DEBUG\P21.OBJ
C:\USERS\VAXOA\ONEDRIVE\DOCUMENTS\GITHUB\WINAPI\TOOLBAR\P21\DEBUG\P21.PDB
C:\Users\vaxoa\OneDrive\Documents\GitHub\WINAPI\toolbar\p21\Debug\p21.write.1.tlog
C:\Users\vaxoa\OneDrive\Documents\GitHub\WINAPI\toolbar\p21\Debug\p21_manifest.rc
C:\Users\vaxoa\OneDrive\Documents\GitHub\WINAPI\toolbar\p21\Debug\rc.command.1.tlog
C:\Users\vaxoa\OneDrive\Documents\GitHub\WINAPI\toolbar\p21\Debug\rc.read.1.tlog
C:\Users\vaxoa\OneDrive\Documents\GitHub\WINAPI\toolbar\p21\Debug\rc.write.1.tlog
C:\Users\vaxoa\OneDrive\Documents\GitHub\WINAPI\toolbar\p21\Debug\vc100.idb
C:\USERS\VAXOA\ONEDRIVE\DOCUMENTS\GITHUB\WINAPI\TOOLBAR\P21\DEBUG\VC100.PDB
