Build started 10/10/2018 10:52:19 AM.
     1>Project "F:\WINAPI-F\MFCsk\MFCsk\MFCsk.vcxproj" on node 2 (build target(s)).
     1>InitializeBuildStatus:
         Creating "Debug\MFCsk.unsuccessfulbuild" because "AlwaysCreate" was specified.
       ClCompile:
         All outputs are up-to-date.
         F:\New Folder (1)\VC\bin\CL.exe /c /ZI /nologo /W3 /WX- /Od /Oy- /D WIN32 /D _DEBUG /D _WINDOWS /D _UNICODE /D UNICODE /Gm /EHsc /RTC1 /MDd /GS /fp:precise /Zc:wchar_t /Zc:forScope /Yu"StdAfx.h" /Fp"Debug\MFCsk.pch" /Fo"Debug\\" /Fd"Debug\vc100.pdb" /Gd /TP /analyze- /errorReport:prompt MFCsk.cpp
         MFCsk.cpp
       ResourceCompile:
         All outputs are up-to-date.
       ManifestResourceCompile:
         All outputs are up-to-date.
       Link:
         F:\New Folder (1)\VC\bin\link.exe /ERRORREPORT:PROMPT /OUT:"F:\WINAPI-F\MFCsk\Debug\MFCsk.exe" /INCREMENTAL /NOLOGO kernel32.lib user32.lib gdi32.lib winspool.lib comdlg32.lib advapi32.lib shell32.lib ole32.lib oleaut32.lib uuid.lib odbc32.lib odbccp32.lib /MANIFEST /ManifestFile:"Debug\MFCsk.exe.intermediate.manifest" /MANIFESTUAC:"level='asInvoker' uiAccess='false'" /DEBUG /PDB:"F:\WINAPI-F\MFCsk\Debug\MFCsk.pdb" /SUBSYSTEM:WINDOWS /TLBID:1 /DYNAMICBASE /NXCOMPAT /IMPLIB:"F:\WINAPI-F\MFCsk\Debug\MFCsk.lib" /MACHINE:X86 Debug\MFCsk.res
         Debug\MFCsk.exe.embed.manifest.res
         Debug\MFCsk.obj
         Debug\stdafx.obj
       Manifest:
         C:\Program Files (x86)\Microsoft SDKs\Windows\v7.0A\bin\mt.exe /nologo /verbose /out:"Debug\MFCsk.exe.embed.manifest" /manifest Debug\MFCsk.exe.intermediate.manifest
         All outputs are up-to-date.
       LinkEmbedManifest:
         All outputs are up-to-date.
         MFCsk.vcxproj -> F:\WINAPI-F\MFCsk\Debug\MFCsk.exe
       FinalizeBuildStatus:
         Deleting file "Debug\MFCsk.unsuccessfulbuild".
         Touching "Debug\MFCsk.lastbuildstate".
     1>Done Building Project "F:\WINAPI-F\MFCsk\MFCsk\MFCsk.vcxproj" (build target(s)).

Build succeeded.

Time Elapsed 00:00:01.33
