Build started 8/31/2018 11:22:18 AM.
     1>Project "C:\Users\vaxoa\OneDrive\Documents\GitHub\WINAPI\deleteaas\deleteaas\deleteaas.vcxproj" on node 2 (build target(s)).
     1>InitializeBuildStatus:
         Creating "Debug\deleteaas.unsuccessfulbuild" because "AlwaysCreate" was specified.
       ClCompile:
         F:\New Folder (1)\VC\bin\CL.exe /c /ZI /nologo /W3 /WX- /Od /Oy- /D _MBCS /Gm /EHsc /RTC1 /MDd /GS /fp:precise /Zc:wchar_t /Zc:forScope /Fo"Debug\\" /Fd"Debug\vc100.pdb" /Gd /TP /analyze- /errorReport:prompt main.cpp
         main.cpp
     1>c:\users\vaxoa\onedrive\documents\github\winapi\deleteaas\deleteaas\main.cpp(10): warning C4996: 'strcpy': This function or variable may be unsafe. Consider using strcpy_s instead. To disable deprecation, use _CRT_SECURE_NO_WARNINGS. See online help for details.
                 f:\new folder (1)\vc\include\string.h(105) : see declaration of 'strcpy'
       Link:
         F:\New Folder (1)\VC\bin\link.exe /ERRORREPORT:PROMPT /OUT:"C:\Users\vaxoa\OneDrive\Documents\GitHub\WINAPI\deleteaas\Debug\deleteaas.exe" /NOLOGO kernel32.lib user32.lib gdi32.lib winspool.lib comdlg32.lib advapi32.lib shell32.lib ole32.lib oleaut32.lib uuid.lib odbc32.lib odbccp32.lib /MANIFEST /ManifestFile:"Debug\deleteaas.exe.intermediate.manifest" /MANIFESTUAC:"level='asInvoker' uiAccess='false'" /DEBUG /PDB:"C:\Users\vaxoa\OneDrive\Documents\GitHub\WINAPI\deleteaas\Debug\deleteaas.pdb" /TLBID:1 /DYNAMICBASE /NXCOMPAT /IMPLIB:"C:\Users\vaxoa\OneDrive\Documents\GitHub\WINAPI\deleteaas\Debug\deleteaas.lib" /MACHINE:X86 Debug\main.obj
         LINK : C:\Users\vaxoa\OneDrive\Documents\GitHub\WINAPI\deleteaas\Debug\deleteaas.exe not found or not built by the last incremental link; performing full link
         deleteaas.vcxproj -> C:\Users\vaxoa\OneDrive\Documents\GitHub\WINAPI\deleteaas\Debug\deleteaas.exe
       Manifest:
         C:\Program Files (x86)\Microsoft SDKs\Windows\v7.0A\bin\mt.exe /nologo /verbose /outputresource:"C:\Users\vaxoa\OneDrive\Documents\GitHub\WINAPI\deleteaas\Debug\deleteaas.exe;#1" /manifest Debug\deleteaas.exe.intermediate.manifest
       FinalizeBuildStatus:
         Deleting file "Debug\deleteaas.unsuccessfulbuild".
         Touching "Debug\deleteaas.lastbuildstate".
     1>Done Building Project "C:\Users\vaxoa\OneDrive\Documents\GitHub\WINAPI\deleteaas\deleteaas\deleteaas.vcxproj" (build target(s)).

Build succeeded.

Time Elapsed 00:00:01.35
