Build started 10/25/2018 11:56:09 AM.
     1>Project "F:\WINAPI1-\PlayVideo\play1\play1\play1.vcxproj" on node 2 (build target(s)).
     1>InitializeBuildStatus:
         Creating "Debug\play1.unsuccessfulbuild" because "AlwaysCreate" was specified.
       ClCompile:
         All outputs are up-to-date.
         F:\New Folder (1)\VC\bin\CL.exe /c /ZI /nologo /W3 /WX- /Od /Oy- /D WIN32 /D _DEBUG /D _WINDOWS /D _UNICODE /D UNICODE /Gm /EHsc /RTC1 /MDd /GS /fp:precise /Zc:wchar_t /Zc:forScope /Yu"StdAfx.h" /Fp"Debug\play1.pch" /Fo"Debug\\" /Fd"Debug\vc100.pdb" /Gd /TP /analyze- /errorReport:prompt play1.cpp
         play1.cpp
     1>f:\winapi1-\playvideo\play1\play1\play1.cpp(148): warning C4101: 'film' : unreferenced local variable
       ResourceCompile:
         All outputs are up-to-date.
       ManifestResourceCompile:
         All outputs are up-to-date.
       Link:
         F:\New Folder (1)\VC\bin\link.exe /ERRORREPORT:PROMPT /OUT:"F:\WINAPI1-\PlayVideo\play1\Debug\play1.exe" /INCREMENTAL /NOLOGO kernel32.lib user32.lib gdi32.lib winspool.lib comdlg32.lib advapi32.lib shell32.lib ole32.lib oleaut32.lib uuid.lib odbc32.lib odbccp32.lib /MANIFEST /ManifestFile:"Debug\play1.exe.intermediate.manifest" /MANIFESTUAC:"level='asInvoker' uiAccess='false'" /DEBUG /PDB:"F:\WINAPI1-\PlayVideo\play1\Debug\play1.pdb" /SUBSYSTEM:WINDOWS /TLBID:1 /DYNAMICBASE /NXCOMPAT /IMPLIB:"F:\WINAPI1-\PlayVideo\play1\Debug\play1.lib" /MACHINE:X86 Debug\play1.res
         Debug\play1.exe.embed.manifest.res
         Debug\play1.obj
         Debug\stdafx.obj
       Manifest:
         C:\Program Files (x86)\Microsoft SDKs\Windows\v7.0A\bin\mt.exe /nologo /verbose /out:"Debug\play1.exe.embed.manifest" /manifest Debug\play1.exe.intermediate.manifest
         All outputs are up-to-date.
       LinkEmbedManifest:
         All outputs are up-to-date.
         play1.vcxproj -> F:\WINAPI1-\PlayVideo\play1\Debug\play1.exe
       FinalizeBuildStatus:
         Deleting file "Debug\play1.unsuccessfulbuild".
         Touching "Debug\play1.lastbuildstate".
     1>Done Building Project "F:\WINAPI1-\PlayVideo\play1\play1\play1.vcxproj" (build target(s)).

Build succeeded.

Time Elapsed 00:00:02.74
