Build started 10/25/2018 1:20:30 AM.
     1>Project "F:\WINAPI1-\SERVICES\SampleService\SampleService.vcxproj" on node 2 (build target(s)).
     1>InitializeBuildStatus:
         Creating "Debug\SampleService.unsuccessfulbuild" because "AlwaysCreate" was specified.
       ClCompile:
         F:\New Folder (1)\VC\bin\CL.exe /c /ZI /nologo /W3 /WX- /Od /Oy- /D WIN32 /D _DEBUG /D _CONSOLE /D _UNICODE /D UNICODE /Gm /EHsc /RTC1 /MDd /GS /fp:precise /Zc:wchar_t /Zc:forScope /Fo"Debug\\" /Fd"Debug\vc100.pdb" /Gd /TP /analyze- /errorReport:prompt SampleServiceMain.cpp
         SampleServiceMain.cpp
       ManifestResourceCompile:
         C:\Program Files (x86)\Microsoft SDKs\Windows\v7.0A\bin\rc.exe /nologo /fo"Debug\SampleService.exe.embed.manifest.res" Debug\SampleService_manifest.rc 
       Link:
         F:\New Folder (1)\VC\bin\link.exe /ERRORREPORT:PROMPT /OUT:"F:\WINAPI1-\SERVICES\SampleService\Debug\SampleService.exe" /INCREMENTAL /NOLOGO kernel32.lib user32.lib gdi32.lib winspool.lib comdlg32.lib advapi32.lib shell32.lib ole32.lib oleaut32.lib uuid.lib odbc32.lib odbccp32.lib /MANIFEST /ManifestFile:"Debug\SampleService.exe.intermediate.manifest" /MANIFESTUAC:"level='asInvoker' uiAccess='false'" /DEBUG /PDB:"F:\WINAPI1-\SERVICES\SampleService\Debug\SampleService.pdb" /SUBSYSTEM:CONSOLE /TLBID:1 /DYNAMICBASE /NXCOMPAT /IMPLIB:"F:\WINAPI1-\SERVICES\SampleService\Debug\SampleService.lib" /MACHINE:X86 Debug\SampleService.exe.embed.manifest.res
         Debug\SampleServiceMain.obj
       Manifest:
         C:\Program Files (x86)\Microsoft SDKs\Windows\v7.0A\bin\mt.exe /nologo /verbose /out:"Debug\SampleService.exe.embed.manifest" /manifest Debug\SampleService.exe.intermediate.manifest
         C:\Program Files (x86)\Microsoft SDKs\Windows\v7.0A\bin\rc.exe /nologo /fo"Debug\SampleService.exe.embed.manifest.res" Debug\SampleService_manifest.rc 
       LinkEmbedManifest:
         F:\New Folder (1)\VC\bin\link.exe /ERRORREPORT:PROMPT /OUT:"F:\WINAPI1-\SERVICES\SampleService\Debug\SampleService.exe" /INCREMENTAL /NOLOGO kernel32.lib user32.lib gdi32.lib winspool.lib comdlg32.lib advapi32.lib shell32.lib ole32.lib oleaut32.lib uuid.lib odbc32.lib odbccp32.lib /MANIFEST /ManifestFile:"Debug\SampleService.exe.intermediate.manifest" /MANIFESTUAC:"level='asInvoker' uiAccess='false'" /DEBUG /PDB:"F:\WINAPI1-\SERVICES\SampleService\Debug\SampleService.pdb" /SUBSYSTEM:CONSOLE /TLBID:1 /DYNAMICBASE /NXCOMPAT /IMPLIB:"F:\WINAPI1-\SERVICES\SampleService\Debug\SampleService.lib" /MACHINE:X86 Debug\SampleService.exe.embed.manifest.res
         Debug\SampleServiceMain.obj
         SampleService.vcxproj -> F:\WINAPI1-\SERVICES\SampleService\Debug\SampleService.exe
       FinalizeBuildStatus:
         Deleting file "Debug\SampleService.unsuccessfulbuild".
         Touching "Debug\SampleService.lastbuildstate".
     1>Done Building Project "F:\WINAPI1-\SERVICES\SampleService\SampleService.vcxproj" (build target(s)).

Build succeeded.

Time Elapsed 00:00:06.95
