Build started 7/24/2018 5:22:03 AM.
     1>Project "C:\Users\vaxoa\OneDrive\Documents\GitHub\WINAPI\toolbar\toolbar\toolbar.vcxproj" on node 2 (build target(s)).
     1>InitializeBuildStatus:
         Touching "Debug\toolbar.unsuccessfulbuild".
       ClCompile:
         All outputs are up-to-date.
         F:\New Folder (1)\VC\bin\CL.exe /c /ZI /nologo /W3 /WX- /Od /Oy- /D WIN32 /D _DEBUG /D _WINDOWS /D _UNICODE /D UNICODE /Gm /EHsc /RTC1 /MDd /GS /fp:precise /Zc:wchar_t /Zc:forScope /Yu"StdAfx.h" /Fp"Debug\toolbar.pch" /Fo"Debug\\" /Fd"Debug\vc100.pdb" /Gd /TP /analyze- /errorReport:prompt toolbar.cpp
         toolbar.cpp
       ResourceCompile:
         All outputs are up-to-date.
       ManifestResourceCompile:
         All outputs are up-to-date.
       Link:
         F:\New Folder (1)\VC\bin\link.exe /ERRORREPORT:PROMPT /OUT:"C:\Users\vaxoa\OneDrive\Documents\GitHub\WINAPI\toolbar\Debug\toolbar.exe" /INCREMENTAL /NOLOGO kernel32.lib user32.lib gdi32.lib winspool.lib comdlg32.lib advapi32.lib shell32.lib ole32.lib oleaut32.lib uuid.lib odbc32.lib odbccp32.lib /MANIFEST /ManifestFile:"Debug\toolbar.exe.intermediate.manifest" /MANIFESTUAC:"level='asInvoker' uiAccess='false'" /DEBUG /PDB:"C:\Users\vaxoa\OneDrive\Documents\GitHub\WINAPI\toolbar\Debug\toolbar.pdb" /SUBSYSTEM:WINDOWS /TLBID:1 /DYNAMICBASE /NXCOMPAT /IMPLIB:"C:\Users\vaxoa\OneDrive\Documents\GitHub\WINAPI\toolbar\Debug\toolbar.lib" /MACHINE:X86 Debug\toolbar.res
         Debug\toolbar.exe.embed.manifest.res
         Debug\stdafx.obj
         Debug\toolbar.obj
       Manifest:
         C:\Program Files (x86)\Microsoft SDKs\Windows\v7.0A\bin\mt.exe /nologo /verbose /out:"Debug\toolbar.exe.embed.manifest" /manifest Debug\toolbar.exe.intermediate.manifest
         All outputs are up-to-date.
       LinkEmbedManifest:
         All outputs are up-to-date.
         toolbar.vcxproj -> C:\Users\vaxoa\OneDrive\Documents\GitHub\WINAPI\toolbar\Debug\toolbar.exe
       FinalizeBuildStatus:
         Deleting file "Debug\toolbar.unsuccessfulbuild".
         Touching "Debug\toolbar.lastbuildstate".
     1>Done Building Project "C:\Users\vaxoa\OneDrive\Documents\GitHub\WINAPI\toolbar\toolbar\toolbar.vcxproj" (build target(s)).

Build succeeded.

Time Elapsed 00:00:01.03
