Build started 8/25/2018 3:37:49 AM.
     1>Project "C:\Users\vaxoa\OneDrive\Documents\GitHub\WINAPI\shape\Shape.vcxproj" on node 2 (build target(s)).
     1>InitializeBuildStatus:
         Creating ".\Debug\Shape.unsuccessfulbuild" because "AlwaysCreate" was specified.
       ClCompile:
         All outputs are up-to-date.
         F:\New Folder (1)\VC\bin\CL.exe /c /ZI /nologo /W3 /WX- /Od /Oy- /D WIN32 /D _DEBUG /D _WINDOWS /D _VC80_UPGRADE=0x0600 /D _MBCS /D _AFXDLL /Gm /EHsc /RTC1 /MDd /GS /Gy- /fp:precise /Zc:wchar_t /Zc:forScope /Yu"stdafx.h" /Fp".\Debug\Shape.pch" /Fo".\Debug\\" /Fd".\Debug\vc100.pdb" /Gd /TP /analyze- /errorReport:prompt ShapeView.cpp
         ShapeView.cpp
       ResourceCompile:
         All outputs are up-to-date.
       ManifestResourceCompile:
         All outputs are up-to-date.
       Link:
         F:\New Folder (1)\VC\bin\link.exe /ERRORREPORT:PROMPT /OUT:".\Debug\Shape.exe" /INCREMENTAL /NOLOGO /MANIFEST /ManifestFile:".\Debug\Shape.exe.intermediate.manifest" /MANIFESTUAC:"level='asInvoker' uiAccess='false'" /DEBUG /PDB:"C:\Users\vaxoa\OneDrive\Documents\GitHub\WINAPI\shape\Debug\Shape.pdb" /SUBSYSTEM:WINDOWS /TLBID:1 /DYNAMICBASE /NXCOMPAT /IMPLIB:".\Debug\Shape.lib" /MACHINE:X86 .\Debug\Shape.res
         .\Debug\Shape.exe.embed.manifest.res
         .\Debug\CntrItem.obj
         .\Debug\MainFrm.obj
         .\Debug\Shape.obj
         .\Debug\ShapeDoc.obj
         .\Debug\ShapeView.obj
         .\Debug\StdAfx.obj
       Manifest:
         C:\Program Files (x86)\Microsoft SDKs\Windows\v7.0A\bin\mt.exe /nologo /verbose /out:".\Debug\Shape.exe.embed.manifest" /manifest .\Debug\Shape.exe.intermediate.manifest "F:\New Folder (1)\VC\Include\Manifest\dpiaware.manifest"
         All outputs are up-to-date.
       LinkEmbedManifest:
         All outputs are up-to-date.
         Shape.vcxproj -> C:\Users\vaxoa\OneDrive\Documents\GitHub\WINAPI\shape\.\Debug\Shape.exe
       FinalizeBuildStatus:
         Deleting file ".\Debug\Shape.unsuccessfulbuild".
         Touching ".\Debug\Shape.lastbuildstate".
     1>Done Building Project "C:\Users\vaxoa\OneDrive\Documents\GitHub\WINAPI\shape\Shape.vcxproj" (build target(s)).

Build succeeded.

Time Elapsed 00:00:00.82
