Build started 10/17/2018 2:31:10 PM.
     1>Project "F:\WINAPI-F\DragAndDrop\MultiFiler_demo\Dialog with drop target\MultiFiler.vcxproj" on node 2 (build target(s)).
     1>InitializeBuildStatus:
         Creating ".\Debug\MultiFiler.unsuccessfulbuild" because "AlwaysCreate" was specified.
       ClCompile:
         F:\New Folder (1)\VC\bin\CL.exe /c /ZI /nologo /W3 /WX- /Od /Oy- /D WIN32 /D _DEBUG /D _WINDOWS /D _VC80_UPGRADE=0x0600 /D _MBCS /D _AFXDLL /Gm /EHsc /RTC1 /MDd /GS /Gy- /fp:precise /Zc:wchar_t /Zc:forScope /Yc"stdafx.h" /Fp".\Debug\MultiFiler.pch" /Fo".\Debug\\" /Fd".\Debug\vc100.pdb" /FR".\Debug\\" /Gd /TP /analyze- /errorReport:prompt StdAfx.cpp
         StdAfx.cpp
         F:\New Folder (1)\VC\bin\CL.exe /c /ZI /nologo /W3 /WX- /Od /Oy- /D WIN32 /D _DEBUG /D _WINDOWS /D _VC80_UPGRADE=0x0600 /D _MBCS /D _AFXDLL /Gm /EHsc /RTC1 /MDd /GS /Gy- /fp:precise /Zc:wchar_t /Zc:forScope /Yu"stdafx.h" /Fp".\Debug\MultiFiler.pch" /Fo".\Debug\\" /Fd".\Debug\vc100.pdb" /FR".\Debug\\" /Gd /TP /analyze- /errorReport:prompt MultiFiler.cpp MultiFilerDlg.cpp MyDropTarget.cpp
         MyDropTarget.cpp
         MultiFilerDlg.cpp
         MultiFiler.cpp
         Generating Code...
       ResourceCompile:
         C:\Program Files (x86)\Microsoft SDKs\Windows\v7.0A\bin\rc.exe /D _DEBUG /D _VC80_UPGRADE=0x0600 /D _AFXDLL /l"0x0409" /nologo /fo".\Debug\MultiFiler.res" MultiFiler.rc 
       ManifestResourceCompile:
         C:\Program Files (x86)\Microsoft SDKs\Windows\v7.0A\bin\rc.exe /nologo /fo".\Debug\MultiFiler.exe.embed.manifest.res" .\Debug\MultiFiler_manifest.rc 
       Link:
         F:\New Folder (1)\VC\bin\link.exe /ERRORREPORT:PROMPT /OUT:".\Debug\MultiFiler.exe" /INCREMENTAL /NOLOGO shlwapi.lib /MANIFEST /ManifestFile:".\Debug\MultiFiler.exe.intermediate.manifest" /MANIFESTUAC:"level='asInvoker' uiAccess='false'" /DEBUG /PDB:"F:\WINAPI-F\DragAndDrop\MultiFiler_demo\Dialog with drop target\Debug\MultiFiler.pdb" /SUBSYSTEM:WINDOWS /TLBID:1 /DYNAMICBASE /NXCOMPAT /IMPLIB:".\Debug\MultiFiler.lib" /MACHINE:X86 .\Debug\MultiFiler.res
         .\Debug\MultiFiler.exe.embed.manifest.res
         .\Debug\MultiFiler.obj
         .\Debug\MultiFilerDlg.obj
         .\Debug\MyDropTarget.obj
         .\Debug\StdAfx.obj
       Manifest:
         C:\Program Files (x86)\Microsoft SDKs\Windows\v7.0A\bin\mt.exe /nologo /verbose /out:".\Debug\MultiFiler.exe.embed.manifest" /manifest .\Debug\MultiFiler.exe.intermediate.manifest "F:\New Folder (1)\VC\Include\Manifest\dpiaware.manifest"
         C:\Program Files (x86)\Microsoft SDKs\Windows\v7.0A\bin\rc.exe /nologo /fo".\Debug\MultiFiler.exe.embed.manifest.res" .\Debug\MultiFiler_manifest.rc 
       LinkEmbedManifest:
         F:\New Folder (1)\VC\bin\link.exe /ERRORREPORT:PROMPT /OUT:".\Debug\MultiFiler.exe" /INCREMENTAL /NOLOGO shlwapi.lib /MANIFEST /ManifestFile:".\Debug\MultiFiler.exe.intermediate.manifest" /MANIFESTUAC:"level='asInvoker' uiAccess='false'" /DEBUG /PDB:"F:\WINAPI-F\DragAndDrop\MultiFiler_demo\Dialog with drop target\Debug\MultiFiler.pdb" /SUBSYSTEM:WINDOWS /TLBID:1 /DYNAMICBASE /NXCOMPAT /IMPLIB:".\Debug\MultiFiler.lib" /MACHINE:X86 .\Debug\MultiFiler.res
         .\Debug\MultiFiler.exe.embed.manifest.res
         .\Debug\MultiFiler.obj
         .\Debug\MultiFilerDlg.obj
         .\Debug\MyDropTarget.obj
         .\Debug\StdAfx.obj
         MultiFiler.vcxproj -> F:\WINAPI-F\DragAndDrop\MultiFiler_demo\Dialog with drop target\.\Debug\MultiFiler.exe
       BscMake:
         F:\New Folder (1)\VC\bin\bscmake.exe /nologo /o".\Debug\MultiFiler.bsc" .\Debug\MultiFiler.sbr .\Debug\MultiFilerDlg.sbr .\Debug\MyDropTarget.sbr .\Debug\StdAfx.sbr
       FinalizeBuildStatus:
         Deleting file ".\Debug\MultiFiler.unsuccessfulbuild".
         Touching ".\Debug\MultiFiler.lastbuildstate".
     1>Done Building Project "F:\WINAPI-F\DragAndDrop\MultiFiler_demo\Dialog with drop target\MultiFiler.vcxproj" (build target(s)).

Build succeeded.

Time Elapsed 00:00:11.57
