Build started 30.10.2018 8:56:08.
     1>Project "F:\WINAPI1-\transparentButton\Buttons.vcxproj" on node 2 (build target(s)).
     1>InitializeBuildStatus:
         Creating ".\Debug\Buttons.unsuccessfulbuild" because "AlwaysCreate" was specified.
       ClCompile:
         D:\New Folder\VC\bin\CL.exe /c /ZI /nologo /W3 /WX- /Od /Oy- /D WIN32 /D _DEBUG /D _WINDOWS /D _VC80_UPGRADE=0x0600 /D _MBCS /D _AFXDLL /Gm /EHsc /RTC1 /MDd /GS /Gy- /fp:precise /Zc:wchar_t /Zc:forScope /Yc"stdafx.h" /Fp".\Debug\Buttons.pch" /Fo".\Debug\\" /Fd".\Debug\vc100.pdb" /Gd /TP /analyze- /errorReport:prompt StdAfx.cpp
         StdAfx.cpp
         _WIN32_WINNT not defined. Defaulting to _WIN32_WINNT_MAXVER (see WinSDKVer.h)
         D:\New Folder\VC\bin\CL.exe /c /ZI /nologo /W3 /WX- /Od /Oy- /D WIN32 /D _DEBUG /D _WINDOWS /D _VC80_UPGRADE=0x0600 /D _MBCS /D _AFXDLL /Gm /EHsc /RTC1 /MDd /GS /Gy- /fp:precise /Zc:wchar_t /Zc:forScope /Yu"stdafx.h" /Fp".\Debug\Buttons.pch" /Fo".\Debug\\" /Fd".\Debug\vc100.pdb" /Gd /TP /analyze- /errorReport:prompt Buttons.cpp ButtonsDlg.cpp ButtonStyle.cpp Slider.cpp
         Slider.cpp
         ButtonStyle.cpp
         ButtonsDlg.cpp
         Buttons.cpp
     1>f:\winapi1-\transparentbutton\buttons.cpp(52): warning C4996: 'CWinApp::Enable3dControls': CWinApp::Enable3dControls is no longer needed. You should remove this call.
                 d:\new folder\vc\atlmfc\include\afxwin.h(5344) : see declaration of 'CWinApp::Enable3dControls'
         Generating Code...
       ResourceCompile:
         C:\Program Files (x86)\Microsoft SDKs\Windows\v7.0A\bin\rc.exe /D _DEBUG /D _VC80_UPGRADE=0x0600 /D _AFXDLL /l"0x0409" /nologo /fo".\Debug\Buttons.res" Buttons.rc 
       ManifestResourceCompile:
         C:\Program Files (x86)\Microsoft SDKs\Windows\v7.0A\bin\rc.exe /nologo /fo".\Debug\Buttons.exe.embed.manifest.res" .\Debug\Buttons_manifest.rc 
       Link:
         D:\New Folder\VC\bin\link.exe /ERRORREPORT:PROMPT /OUT:".\Debug\Buttons.exe" /INCREMENTAL /NOLOGO /MANIFEST /ManifestFile:".\Debug\Buttons.exe.intermediate.manifest" /MANIFESTUAC:"level='asInvoker' uiAccess='false'" /DEBUG /PDB:"F:\WINAPI1-\transparentButton\Debug\Buttons.pdb" /SUBSYSTEM:WINDOWS /TLBID:1 /DYNAMICBASE /NXCOMPAT /IMPLIB:".\Debug\Buttons.lib" /MACHINE:X86 .\Debug\Buttons.res
         .\Debug\Buttons.exe.embed.manifest.res
         .\Debug\Buttons.obj
         .\Debug\ButtonsDlg.obj
         .\Debug\ButtonStyle.obj
         .\Debug\Slider.obj
         .\Debug\StdAfx.obj
       Manifest:
         C:\Program Files (x86)\Microsoft SDKs\Windows\v7.0A\bin\mt.exe /nologo /verbose /out:".\Debug\Buttons.exe.embed.manifest" /manifest .\Debug\Buttons.exe.intermediate.manifest "D:\New Folder\VC\Include\Manifest\dpiaware.manifest"
         C:\Program Files (x86)\Microsoft SDKs\Windows\v7.0A\bin\rc.exe /nologo /fo".\Debug\Buttons.exe.embed.manifest.res" .\Debug\Buttons_manifest.rc 
       LinkEmbedManifest:
         D:\New Folder\VC\bin\link.exe /ERRORREPORT:PROMPT /OUT:".\Debug\Buttons.exe" /INCREMENTAL /NOLOGO /MANIFEST /ManifestFile:".\Debug\Buttons.exe.intermediate.manifest" /MANIFESTUAC:"level='asInvoker' uiAccess='false'" /DEBUG /PDB:"F:\WINAPI1-\transparentButton\Debug\Buttons.pdb" /SUBSYSTEM:WINDOWS /TLBID:1 /DYNAMICBASE /NXCOMPAT /IMPLIB:".\Debug\Buttons.lib" /MACHINE:X86 .\Debug\Buttons.res
         .\Debug\Buttons.exe.embed.manifest.res
         .\Debug\Buttons.obj
         .\Debug\ButtonsDlg.obj
         .\Debug\ButtonStyle.obj
         .\Debug\Slider.obj
         .\Debug\StdAfx.obj
         Buttons.vcxproj -> F:\WINAPI1-\transparentButton\.\Debug\Buttons.exe
       FinalizeBuildStatus:
         Deleting file ".\Debug\Buttons.unsuccessfulbuild".
         Touching ".\Debug\Buttons.lastbuildstate".
     1>Done Building Project "F:\WINAPI1-\transparentButton\Buttons.vcxproj" (build target(s)).

Build succeeded.

Time Elapsed 00:00:06.97
