.\Debug\main.bsc
.\Debug\main.ilk
.\Debug\main.pdb
F:\WINAPI1-\ListView\my3\.\Debug\main.exe
F:\WINAPI1-\ListView\my3\.\Debug\main.exe.intermediate.manifest
F:\WINAPI1-\ListView\my3\Debug\BscMake.command.1.tlog
F:\WINAPI1-\ListView\my3\Debug\bscmake.read.1.tlog
F:\WINAPI1-\ListView\my3\Debug\bscmake.write.1.tlog
F:\WINAPI1-\ListView\my3\Debug\cl.command.1.tlog
F:\WINAPI1-\ListView\my3\Debug\CL.read.1.tlog
F:\WINAPI1-\ListView\my3\Debug\CL.write.1.tlog
F:\WINAPI1-\ListView\my3\Debug\link.3888.read.1.tlog
F:\WINAPI1-\ListView\my3\Debug\link.3888.write.1.tlog
F:\WINAPI1-\ListView\my3\Debug\link.3888-cvtres.read.1.tlog
F:\WINAPI1-\ListView\my3\Debug\link.3888-cvtres.write.1.tlog
F:\WINAPI1-\ListView\my3\Debug\link.command.1.tlog
F:\WINAPI1-\ListView\my3\Debug\link.read.1.tlog
F:\WINAPI1-\ListView\my3\Debug\link.write.1.tlog
F:\WINAPI1-\ListView\my3\Debug\link-cvtres.read.1.tlog
F:\WINAPI1-\ListView\my3\Debug\link-cvtres.write.1.tlog
F:\WINAPI1-\LISTVIEW\MY3\DEBUG\MAIN.BSC
F:\WINAPI1-\LISTVIEW\MY3\DEBUG\MAIN.EXE
F:\WINAPI1-\LISTVIEW\MY3\DEBUG\MAIN.EXE.EMBED.MANIFEST
F:\WINAPI1-\LISTVIEW\MY3\DEBUG\MAIN.EXE.EMBED.MANIFEST.RES
F:\WINAPI1-\LISTVIEW\MY3\DEBUG\MAIN.EXE.INTERMEDIATE.MANIFEST
F:\WINAPI1-\LISTVIEW\MY3\DEBUG\MAIN.ILK
F:\WINAPI1-\LISTVIEW\MY3\DEBUG\MAIN.OBJ
F:\WINAPI1-\LISTVIEW\MY3\DEBUG\MAIN.PDB
F:\WINAPI1-\LISTVIEW\MY3\DEBUG\MAIN.SBR
F:\WINAPI1-\ListView\my3\Debug\main.vcxprojResolveAssemblyReference.cache
F:\WINAPI1-\ListView\my3\Debug\main.write.1.tlog
F:\WINAPI1-\ListView\my3\Debug\main_manifest.rc
F:\WINAPI1-\ListView\my3\Debug\mt.command.1.tlog
F:\WINAPI1-\ListView\my3\Debug\mt.read.1.tlog
F:\WINAPI1-\ListView\my3\Debug\mt.write.1.tlog
F:\WINAPI1-\ListView\my3\Debug\rc.command.1.tlog
F:\WINAPI1-\ListView\my3\Debug\rc.read.1.tlog
F:\WINAPI1-\ListView\my3\Debug\rc.write.1.tlog
F:\WINAPI1-\ListView\my3\Debug\vc100.idb
F:\WINAPI1-\LISTVIEW\MY3\DEBUG\VC100.PDB
