F:\WINAPI1-\BUTTON COLOR\BUTTON_COLOR\BUTTON_COLOR\DEBUG\BUTTON_COLOR.EXE.EMBED.MANIFEST.RES
F:\WINAPI1-\BUTTON COLOR\BUTTON_COLOR\BUTTON_COLOR\DEBUG\BUTTON_COLOR.EXE.INTERMEDIATE.MANIFEST
F:\WINAPI1-\BUTTON COLOR\BUTTON_COLOR\BUTTON_COLOR\DEBUG\MAIN.OBJ
F:\WINAPI1-\BUTTON COLOR\BUTTON_COLOR\BUTTON_COLOR\DEBUG\VC100.PDB
F:\WINAPI1-\BUTTON COLOR\BUTTON_COLOR\DEBUG\BUTTON_COLOR.EXE
F:\WINAPI1-\BUTTON COLOR\BUTTON_COLOR\DEBUG\BUTTON_COLOR.ILK
F:\WINAPI1-\BUTTON COLOR\BUTTON_COLOR\DEBUG\BUTTON_COLOR.PDB
F:\WINAPI1-\BUTTON\button_color\button_color\Debug\button_color.exe.embed.manifest
F:\WINAPI1-\BUTTON\BUTTON_COLOR\BUTTON_COLOR\DEBUG\BUTTON_COLOR.EXE.EMBED.MANIFEST.RES
F:\WINAPI1-\BUTTON\BUTTON_COLOR\BUTTON_COLOR\DEBUG\BUTTON_COLOR.EXE.INTERMEDIATE.MANIFEST
F:\WINAPI1-\BUTTON\button_color\button_color\Debug\button_color.vcxprojResolveAssemblyReference.cache
F:\WINAPI1-\BUTTON\button_color\button_color\Debug\button_color.write.1.tlog
F:\WINAPI1-\BUTTON\button_color\button_color\Debug\button_color_manifest.rc
F:\WINAPI1-\BUTTON\button_color\button_color\Debug\cl.command.1.tlog
F:\WINAPI1-\BUTTON\button_color\button_color\Debug\CL.read.1.tlog
F:\WINAPI1-\BUTTON\button_color\button_color\Debug\CL.write.1.tlog
F:\WINAPI1-\BUTTON\button_color\button_color\Debug\link.10756.read.1.tlog
F:\WINAPI1-\BUTTON\button_color\button_color\Debug\link.10756.write.1.tlog
F:\WINAPI1-\BUTTON\button_color\button_color\Debug\link.10756-cvtres.read.1.tlog
F:\WINAPI1-\BUTTON\button_color\button_color\Debug\link.10756-cvtres.write.1.tlog
F:\WINAPI1-\BUTTON\button_color\button_color\Debug\link.3116.read.1.tlog
F:\WINAPI1-\BUTTON\button_color\button_color\Debug\link.3116.write.1.tlog
F:\WINAPI1-\BUTTON\button_color\button_color\Debug\link.3116-cvtres.read.1.tlog
F:\WINAPI1-\BUTTON\button_color\button_color\Debug\link.3116-cvtres.write.1.tlog
F:\WINAPI1-\BUTTON\button_color\button_color\Debug\link.6972.read.1.tlog
F:\WINAPI1-\BUTTON\button_color\button_color\Debug\link.6972.write.1.tlog
F:\WINAPI1-\BUTTON\button_color\button_color\Debug\link.6972-cvtres.read.1.tlog
F:\WINAPI1-\BUTTON\button_color\button_color\Debug\link.6972-cvtres.write.1.tlog
F:\WINAPI1-\BUTTON\button_color\button_color\Debug\link.command.1.tlog
F:\WINAPI1-\BUTTON\button_color\button_color\Debug\link.read.1.tlog
F:\WINAPI1-\BUTTON\button_color\button_color\Debug\link.write.1.tlog
F:\WINAPI1-\BUTTON\button_color\button_color\Debug\link-cvtres.read.1.tlog
F:\WINAPI1-\BUTTON\button_color\button_color\Debug\link-cvtres.write.1.tlog
F:\WINAPI1-\BUTTON\BUTTON_COLOR\BUTTON_COLOR\DEBUG\MAIN.OBJ
F:\WINAPI1-\BUTTON\button_color\button_color\Debug\mt.command.1.tlog
F:\WINAPI1-\BUTTON\button_color\button_color\Debug\mt.read.1.tlog
F:\WINAPI1-\BUTTON\button_color\button_color\Debug\mt.write.1.tlog
F:\WINAPI1-\BUTTON\button_color\button_color\Debug\rc.command.1.tlog
F:\WINAPI1-\BUTTON\button_color\button_color\Debug\rc.read.1.tlog
F:\WINAPI1-\BUTTON\button_color\button_color\Debug\rc.write.1.tlog
F:\WINAPI1-\BUTTON\button_color\button_color\Debug\vc100.idb
F:\WINAPI1-\BUTTON\BUTTON_COLOR\BUTTON_COLOR\DEBUG\VC100.PDB
F:\WINAPI1-\BUTTON\BUTTON_COLOR\DEBUG\BUTTON_COLOR.EXE
F:\WINAPI1-\BUTTON\BUTTON_COLOR\DEBUG\BUTTON_COLOR.ILK
F:\WINAPI1-\BUTTON\BUTTON_COLOR\DEBUG\BUTTON_COLOR.PDB
F:\WINAPI-F\BUTTON COLOR\BUTTON_COLOR\BUTTON_COLOR\DEBUG\BUTTON_COLOR.EXE.EMBED.MANIFEST
F:\WINAPI-F\BUTTON COLOR\BUTTON_COLOR\BUTTON_COLOR\DEBUG\BUTTON_COLOR.EXE.EMBED.MANIFEST.RES
F:\WINAPI-F\BUTTON COLOR\BUTTON_COLOR\BUTTON_COLOR\DEBUG\BUTTON_COLOR.EXE.INTERMEDIATE.MANIFEST
F:\WINAPI-F\BUTTON COLOR\BUTTON_COLOR\BUTTON_COLOR\DEBUG\MAIN.OBJ
F:\WINAPI-F\BUTTON COLOR\BUTTON_COLOR\BUTTON_COLOR\DEBUG\VC100.PDB
F:\WINAPI-F\BUTTON COLOR\BUTTON_COLOR\DEBUG\BUTTON_COLOR.EXE
F:\WINAPI-F\BUTTON COLOR\BUTTON_COLOR\DEBUG\BUTTON_COLOR.ILK
F:\WINAPI-F\BUTTON COLOR\BUTTON_COLOR\DEBUG\BUTTON_COLOR.PDB
