Build started 10/12/2018 6:15:26 AM.
     1>Project "F:\WINAPI-F\XP style\XP style\XP style.vcxproj" on node 2 (build target(s)).
     1>InitializeBuildStatus:
         Touching "Debug\XP style.unsuccessfulbuild".
       ClCompile:
         All outputs are up-to-date.
         F:\New Folder (1)\VC\bin\CL.exe /c /ZI /nologo /W3 /WX- /Od /Oy- /D WIN32 /D _DEBUG /D _WINDOWS /D _UNICODE /D UNICODE /Gm /EHsc /RTC1 /MDd /GS /fp:precise /Zc:wchar_t /Zc:forScope /Yu"StdAfx.h" /Fp"Debug\XP style.pch" /Fo"Debug\\" /Fd"Debug\vc100.pdb" /Gd /TP /analyze- /errorReport:prompt "XP style.cpp"
         XP style.cpp
       ResourceCompile:
         All outputs are up-to-date.
       ManifestResourceCompile:
         All outputs are up-to-date.
       Link:
         F:\New Folder (1)\VC\bin\link.exe /ERRORREPORT:PROMPT /OUT:"F:\WINAPI-F\XP style\Debug\XP style.exe" /INCREMENTAL /NOLOGO kernel32.lib user32.lib gdi32.lib winspool.lib comdlg32.lib advapi32.lib shell32.lib ole32.lib oleaut32.lib uuid.lib odbc32.lib odbccp32.lib /MANIFEST /ManifestFile:"Debug\XP style.exe.intermediate.manifest" /MANIFESTUAC:"level='asInvoker' uiAccess='false'" /DEBUG /PDB:"F:\WINAPI-F\XP style\Debug\XP style.pdb" /SUBSYSTEM:WINDOWS /TLBID:1 /DYNAMICBASE /NXCOMPAT /IMPLIB:"F:\WINAPI-F\XP style\Debug\XP style.lib" /MACHINE:X86 "Debug\XP style.res"
         "Debug\XP style.exe.embed.manifest.res"
         Debug\stdafx.obj
         "Debug\XP style.obj"
     1>XP style.obj : error LNK2019: unresolved external symbol __imp__InitCommonControlsEx@4 referenced in function _WinMain@16
     1>F:\WINAPI-F\XP style\Debug\XP style.exe : fatal error LNK1120: 1 unresolved externals
     1>Done Building Project "F:\WINAPI-F\XP style\XP style\XP style.vcxproj" (build target(s)) -- FAILED.

Build FAILED.

Time Elapsed 00:00:00.89
